[2024-03-18 12:43:02 +0800] [15884] [INFO] Starting gunicorn 20.1.0
[2024-03-18 12:43:02 +0800] [15884] [INFO] Listening at: http://127.0.0.1:8101 (15884)
[2024-03-18 12:43:02 +0800] [15884] [INFO] Using worker: gevent
[2024-03-18 12:43:02 +0800] [15886] [INFO] Booting worker with pid: 15886
[2024-03-18 12:43:02 +0800] [15887] [INFO] Booting worker with pid: 15887
[2024-03-18 12:43:02 +0800] [15918] [INFO] Booting worker with pid: 15918
[2024-03-18 12:43:02 +0800] [15919] [INFO] Booting worker with pid: 15919
[2024-03-18 12:43:02 +0800] [15920] [INFO] Booting worker with pid: 15920
[2024-03-18 12:43:02 +0800] [15951] [INFO] Booting worker with pid: 15951
[2024-03-18 12:43:02 +0800] [15952] [INFO] Booting worker with pid: 15952
[2024-03-18 12:43:02 +0800] [15968] [INFO] Booting worker with pid: 15968
[2024-03-18 12:43:02 +0800] [15984] [INFO] Booting worker with pid: 15984
[2024-03-18 12:43:02 +0800] [16000] [INFO] Booting worker with pid: 16000
[2024-03-18 12:43:02 +0800] [16001] [INFO] Booting worker with pid: 16001
[2024-03-18 12:43:02 +0800] [16047] [INFO] Booting worker with pid: 16047
[2024-03-18 12:43:02 +0800] [16063] [INFO] Booting worker with pid: 16063
[2024-03-18 12:43:02 +0800] [16079] [INFO] Booting worker with pid: 16079
[2024-03-18 12:43:02 +0800] [16080] [INFO] Booting worker with pid: 16080
[2024-03-18 12:43:02 +0800] [16081] [INFO] Booting worker with pid: 16081
[2024-03-18 12:43:02 +0800] [16097] [INFO] Booting worker with pid: 16097
[2024-03-18 12:43:02 +0800] [16098] [INFO] Booting worker with pid: 16098
[2024-03-18 12:43:03 +0800] [16099] [INFO] Booting worker with pid: 16099
[2024-03-18 12:43:03 +0800] [16130] [INFO] Booting worker with pid: 16130
[2024-03-18 12:43:03 +0800] [16163] [INFO] Booting worker with pid: 16163
[2024-03-18 12:43:03 +0800] [16243] [INFO] Booting worker with pid: 16243
[2024-03-18 12:43:03 +0800] [16244] [INFO] Booting worker with pid: 16244
[2024-03-18 12:43:03 +0800] [16281] [INFO] Booting worker with pid: 16281
[2024-03-18 12:43:03 +0800] [16285] [INFO] Booting worker with pid: 16285
[2024-03-18 12:43:03 +0800] [16323] [INFO] Booting worker with pid: 16323
[2024-03-18 12:43:03 +0800] [16370] [INFO] Booting worker with pid: 16370
[2024-03-18 12:43:03 +0800] [16408] [INFO] Booting worker with pid: 16408
[2024-03-18 12:43:03 +0800] [16417] [INFO] Booting worker with pid: 16417
[2024-03-18 12:43:03 +0800] [16419] [INFO] Booting worker with pid: 16419
[2024-03-18 12:43:03 +0800] [16418] [INFO] Booting worker with pid: 16418
[2024-03-18 12:43:03 +0800] [16420] [INFO] Booting worker with pid: 16420
[2024-03-18 12:43:03 +0800] [16481] [INFO] Booting worker with pid: 16481
[2024-03-19 10:37:09 +0800] [15884] [INFO] Handling signal: int
[2024-03-19 10:37:09 +0800] [15887] [INFO] Worker exiting (pid: 15887)
[2024-03-19 10:37:09 +0800] [16000] [INFO] Worker exiting (pid: 16000)
[2024-03-19 10:37:09 +0800] [15968] [INFO] Worker exiting (pid: 15968)
[2024-03-19 10:37:09 +0800] [16408] [INFO] Worker exiting (pid: 16408)
[2024-03-19 10:37:09 +0800] [16047] [INFO] Worker exiting (pid: 16047)
[2024-03-19 10:37:09 +0800] [16323] [INFO] Worker exiting (pid: 16323)
[2024-03-19 10:37:09 +0800] [15886] [INFO] Worker exiting (pid: 15886)
[2024-03-19 10:37:09 +0800] [15918] [INFO] Worker exiting (pid: 15918)
[2024-03-19 10:37:09 +0800] [16481] [INFO] Worker exiting (pid: 16481)
[2024-03-19 10:37:09 +0800] [15920] [INFO] Worker exiting (pid: 15920)
[2024-03-19 10:37:09 +0800] [16420] [INFO] Worker exiting (pid: 16420)
[2024-03-19 10:37:09 +0800] [15984] [INFO] Worker exiting (pid: 15984)
[2024-03-19 10:37:09 +0800] [16243] [INFO] Worker exiting (pid: 16243)
[2024-03-19 10:37:09 +0800] [16285] [INFO] Worker exiting (pid: 16285)
[2024-03-19 10:37:09 +0800] [16099] [INFO] Worker exiting (pid: 16099)
[2024-03-19 10:37:09 +0800] [16079] [INFO] Worker exiting (pid: 16079)
[2024-03-19 10:37:09 +0800] [16163] [INFO] Worker exiting (pid: 16163)
[2024-03-19 10:37:09 +0800] [16418] [INFO] Worker exiting (pid: 16418)
[2024-03-19 10:37:09 +0800] [16001] [INFO] Worker exiting (pid: 16001)
[2024-03-19 10:37:09 +0800] [16080] [INFO] Worker exiting (pid: 16080)
[2024-03-19 10:37:09 +0800] [16081] [INFO] Worker exiting (pid: 16081)
[2024-03-19 10:37:09 +0800] [16419] [INFO] Worker exiting (pid: 16419)
[2024-03-19 10:37:09 +0800] [16097] [INFO] Worker exiting (pid: 16097)
[2024-03-19 10:37:09 +0800] [16281] [INFO] Worker exiting (pid: 16281)
[2024-03-19 10:37:09 +0800] [15952] [INFO] Worker exiting (pid: 15952)
[2024-03-19 10:37:09 +0800] [16063] [INFO] Worker exiting (pid: 16063)
[2024-03-19 10:37:09 +0800] [15919] [INFO] Worker exiting (pid: 15919)
[2024-03-19 10:37:09 +0800] [16098] [INFO] Worker exiting (pid: 16098)
[2024-03-19 10:37:09 +0800] [16244] [INFO] Worker exiting (pid: 16244)
[2024-03-19 10:37:09 +0800] [16417] [INFO] Worker exiting (pid: 16417)
[2024-03-19 10:37:09 +0800] [16130] [INFO] Worker exiting (pid: 16130)
[2024-03-19 10:37:09 +0800] [16370] [INFO] Worker exiting (pid: 16370)
[2024-03-19 10:37:09 +0800] [15951] [INFO] Worker exiting (pid: 15951)
[2024-03-19 10:37:11 +0800] [15884] [INFO] Shutting down: Master
[2024-03-19 14:48:32 +0800] [2924] [INFO] Starting gunicorn 20.1.0
[2024-03-19 14:48:32 +0800] [2924] [INFO] Listening at: http://127.0.0.1:8101 (2924)
[2024-03-19 14:48:32 +0800] [2924] [INFO] Using worker: gevent
[2024-03-19 14:48:32 +0800] [2926] [INFO] Booting worker with pid: 2926
[2024-03-19 14:48:32 +0800] [2947] [INFO] Booting worker with pid: 2947
[2024-03-19 14:48:32 +0800] [2971] [INFO] Booting worker with pid: 2971
[2024-03-19 14:48:32 +0800] [2972] [INFO] Booting worker with pid: 2972
[2024-03-19 14:48:32 +0800] [2973] [INFO] Booting worker with pid: 2973
[2024-03-19 14:48:32 +0800] [3019] [INFO] Booting worker with pid: 3019
[2024-03-19 14:48:32 +0800] [3020] [INFO] Booting worker with pid: 3020
[2024-03-19 14:48:32 +0800] [3069] [INFO] Booting worker with pid: 3069
[2024-03-19 14:48:32 +0800] [3070] [INFO] Booting worker with pid: 3070
[2024-03-19 14:48:32 +0800] [3071] [INFO] Booting worker with pid: 3071
[2024-03-19 14:48:32 +0800] [3105] [INFO] Booting worker with pid: 3105
[2024-03-19 14:48:32 +0800] [3122] [INFO] Booting worker with pid: 3122
[2024-03-19 14:48:32 +0800] [3123] [INFO] Booting worker with pid: 3123
[2024-03-19 14:48:32 +0800] [3144] [INFO] Booting worker with pid: 3144
[2024-03-19 14:48:32 +0800] [3145] [INFO] Booting worker with pid: 3145
[2024-03-19 14:48:32 +0800] [3287] [INFO] Booting worker with pid: 3287
[2024-03-19 14:48:32 +0800] [3289] [INFO] Booting worker with pid: 3289
[2024-03-19 14:48:33 +0800] [3292] [INFO] Booting worker with pid: 3292
[2024-03-19 14:48:33 +0800] [3309] [INFO] Booting worker with pid: 3309
[2024-03-19 14:48:33 +0800] [3356] [INFO] Booting worker with pid: 3356
[2024-03-19 14:48:33 +0800] [3372] [INFO] Booting worker with pid: 3372
[2024-03-19 14:48:33 +0800] [3373] [INFO] Booting worker with pid: 3373
[2024-03-19 14:48:33 +0800] [3419] [INFO] Booting worker with pid: 3419
[2024-03-19 14:48:33 +0800] [3420] [INFO] Booting worker with pid: 3420
[2024-03-19 14:48:33 +0800] [3469] [INFO] Booting worker with pid: 3469
[2024-03-19 14:48:33 +0800] [3485] [INFO] Booting worker with pid: 3485
[2024-03-19 14:48:33 +0800] [3501] [INFO] Booting worker with pid: 3501
[2024-03-19 14:48:33 +0800] [3517] [INFO] Booting worker with pid: 3517
[2024-03-19 14:48:33 +0800] [3533] [INFO] Booting worker with pid: 3533
[2024-03-19 14:48:33 +0800] [3549] [INFO] Booting worker with pid: 3549
[2024-03-19 14:48:33 +0800] [3565] [INFO] Booting worker with pid: 3565
[2024-03-19 14:48:33 +0800] [3596] [INFO] Booting worker with pid: 3596
[2024-03-19 14:48:33 +0800] [3597] [INFO] Booting worker with pid: 3597
[2024-03-20 10:08:44 +0800] [2924] [INFO] Handling signal: winch
[2024-03-20 10:18:12 +0800] [2924] [INFO] Handling signal: winch
[2024-03-20 10:18:15 +0800] [2924] [INFO] Handling signal: int
[2024-03-20 10:18:15 +0800] [3069] [INFO] Worker exiting (pid: 3069)
[2024-03-20 10:18:15 +0800] [3123] [INFO] Worker exiting (pid: 3123)
[2024-03-20 10:18:15 +0800] [3565] [INFO] Worker exiting (pid: 3565)
[2024-03-20 10:18:15 +0800] [3597] [INFO] Worker exiting (pid: 3597)
[2024-03-20 10:18:15 +0800] [3420] [INFO] Worker exiting (pid: 3420)
[2024-03-20 10:18:15 +0800] [3372] [INFO] Worker exiting (pid: 3372)
[2024-03-20 10:18:15 +0800] [3144] [INFO] Worker exiting (pid: 3144)
[2024-03-20 10:18:15 +0800] [3105] [INFO] Worker exiting (pid: 3105)
[2024-03-20 10:18:15 +0800] [3596] [INFO] Worker exiting (pid: 3596)
[2024-03-20 10:18:15 +0800] [3287] [INFO] Worker exiting (pid: 3287)
[2024-03-20 10:18:15 +0800] [2947] [INFO] Worker exiting (pid: 2947)
[2024-03-20 10:18:15 +0800] [3145] [INFO] Worker exiting (pid: 3145)
[2024-03-20 10:18:15 +0800] [2972] [INFO] Worker exiting (pid: 2972)
[2024-03-20 10:18:15 +0800] [2973] [INFO] Worker exiting (pid: 2973)
[2024-03-20 10:18:15 +0800] [3533] [INFO] Worker exiting (pid: 3533)
[2024-03-20 10:18:15 +0800] [3419] [INFO] Worker exiting (pid: 3419)
[2024-03-20 10:18:15 +0800] [3485] [INFO] Worker exiting (pid: 3485)
[2024-03-20 10:18:15 +0800] [3501] [INFO] Worker exiting (pid: 3501)
[2024-03-20 10:18:15 +0800] [3549] [INFO] Worker exiting (pid: 3549)
[2024-03-20 10:18:15 +0800] [3356] [INFO] Worker exiting (pid: 3356)
[2024-03-20 10:18:15 +0800] [3517] [INFO] Worker exiting (pid: 3517)
[2024-03-20 10:18:15 +0800] [3020] [INFO] Worker exiting (pid: 3020)
[2024-03-20 10:18:15 +0800] [3292] [INFO] Worker exiting (pid: 3292)
[2024-03-20 10:18:15 +0800] [3373] [INFO] Worker exiting (pid: 3373)
[2024-03-20 10:18:15 +0800] [3469] [INFO] Worker exiting (pid: 3469)
[2024-03-20 10:18:15 +0800] [3289] [INFO] Worker exiting (pid: 3289)
[2024-03-20 10:18:15 +0800] [3071] [INFO] Worker exiting (pid: 3071)
[2024-03-20 10:18:15 +0800] [3070] [INFO] Worker exiting (pid: 3070)
[2024-03-20 10:18:15 +0800] [2926] [INFO] Worker exiting (pid: 2926)
[2024-03-20 10:18:15 +0800] [3309] [INFO] Worker exiting (pid: 3309)
[2024-03-20 10:18:15 +0800] [3019] [INFO] Worker exiting (pid: 3019)
[2024-03-20 10:18:15 +0800] [2971] [INFO] Worker exiting (pid: 2971)
[2024-03-20 10:18:15 +0800] [3122] [INFO] Worker exiting (pid: 3122)
[2024-03-20 10:18:17 +0800] [2924] [INFO] Shutting down: Master
[2024-03-20 10:20:33 +0800] [14579] [INFO] Starting gunicorn 20.1.0
[2024-03-20 10:20:33 +0800] [14579] [INFO] Listening at: http://127.0.0.1:8101 (14579)
[2024-03-20 10:20:33 +0800] [14579] [INFO] Using worker: gevent
[2024-03-20 10:20:33 +0800] [14594] [INFO] Booting worker with pid: 14594
[2024-03-20 10:20:34 +0800] [14610] [INFO] Booting worker with pid: 14610
[2024-03-20 10:20:34 +0800] [14626] [INFO] Booting worker with pid: 14626
[2024-03-20 10:20:34 +0800] [14627] [INFO] Booting worker with pid: 14627
[2024-03-20 10:20:34 +0800] [14628] [INFO] Booting worker with pid: 14628
[2024-03-20 10:20:34 +0800] [14674] [INFO] Booting worker with pid: 14674
[2024-03-20 10:20:34 +0800] [14682] [INFO] Booting worker with pid: 14682
[2024-03-20 10:20:34 +0800] [14691] [INFO] Booting worker with pid: 14691
[2024-03-20 10:20:34 +0800] [14707] [INFO] Booting worker with pid: 14707
[2024-03-20 10:20:34 +0800] [14708] [INFO] Booting worker with pid: 14708
[2024-03-20 10:20:34 +0800] [14739] [INFO] Booting worker with pid: 14739
[2024-03-20 10:20:34 +0800] [14740] [INFO] Booting worker with pid: 14740
[2024-03-20 10:20:34 +0800] [14756] [INFO] Booting worker with pid: 14756
[2024-03-20 10:20:34 +0800] [14787] [INFO] Booting worker with pid: 14787
[2024-03-20 10:20:34 +0800] [14805] [INFO] Booting worker with pid: 14805
[2024-03-20 10:20:34 +0800] [14806] [INFO] Booting worker with pid: 14806
[2024-03-20 10:20:34 +0800] [14839] [INFO] Booting worker with pid: 14839
[2024-03-20 10:20:34 +0800] [14873] [INFO] Booting worker with pid: 14873
[2024-03-20 10:20:34 +0800] [14893] [INFO] Booting worker with pid: 14893
[2024-03-20 10:20:34 +0800] [14915] [INFO] Booting worker with pid: 14915
[2024-03-20 10:20:35 +0800] [14964] [INFO] Booting worker with pid: 14964
[2024-03-20 10:20:35 +0800] [14967] [INFO] Booting worker with pid: 14967
[2024-03-20 10:20:35 +0800] [14998] [INFO] Booting worker with pid: 14998
[2024-03-20 10:20:35 +0800] [15015] [INFO] Booting worker with pid: 15015
[2024-03-20 10:20:35 +0800] [15014] [INFO] Booting worker with pid: 15014
[2024-03-20 10:20:35 +0800] [15061] [INFO] Booting worker with pid: 15061
[2024-03-20 10:20:35 +0800] [15062] [INFO] Booting worker with pid: 15062
[2024-03-20 10:20:35 +0800] [15108] [INFO] Booting worker with pid: 15108
[2024-03-20 10:20:35 +0800] [15154] [INFO] Booting worker with pid: 15154
[2024-03-20 10:20:35 +0800] [15155] [INFO] Booting worker with pid: 15155
[2024-03-20 10:20:35 +0800] [15171] [INFO] Booting worker with pid: 15171
[2024-03-20 10:20:35 +0800] [15202] [INFO] Booting worker with pid: 15202
[2024-03-20 10:20:35 +0800] [15248] [INFO] Booting worker with pid: 15248
[2024-03-21 09:59:59 +0800] [14579] [INFO] Handling signal: winch
[2024-03-21 11:57:33 +0800] [15248] [INFO] Parent changed, shutting down: <Worker 15248>
[2024-03-21 11:57:33 +0800] [14682] [INFO] Parent changed, shutting down: <Worker 14682>
[2024-03-21 11:57:33 +0800] [14682] [INFO] Worker exiting (pid: 14682)
[2024-03-21 11:57:33 +0800] [15248] [INFO] Worker exiting (pid: 15248)
[2024-03-21 11:57:33 +0800] [14691] [INFO] Parent changed, shutting down: <Worker 14691>
[2024-03-21 11:57:33 +0800] [14691] [INFO] Worker exiting (pid: 14691)
[2024-03-21 11:57:34 +0800] [14998] [INFO] Parent changed, shutting down: <Worker 14998>
[2024-03-21 11:57:34 +0800] [15015] [INFO] Parent changed, shutting down: <Worker 15015>
[2024-03-21 11:57:34 +0800] [14998] [INFO] Worker exiting (pid: 14998)
[2024-03-21 11:57:34 +0800] [15015] [INFO] Worker exiting (pid: 15015)
[2024-03-21 11:57:34 +0800] [14628] [INFO] Parent changed, shutting down: <Worker 14628>
[2024-03-21 11:57:34 +0800] [14628] [INFO] Worker exiting (pid: 14628)
[2024-03-21 11:57:34 +0800] [15202] [INFO] Parent changed, shutting down: <Worker 15202>
[2024-03-21 11:57:34 +0800] [15202] [INFO] Worker exiting (pid: 15202)
[2024-03-21 11:57:34 +0800] [14626] [INFO] Parent changed, shutting down: <Worker 14626>
[2024-03-21 11:57:34 +0800] [14626] [INFO] Worker exiting (pid: 14626)
[2024-03-21 11:57:34 +0800] [15154] [INFO] Parent changed, shutting down: <Worker 15154>
[2024-03-21 11:57:34 +0800] [15154] [INFO] Worker exiting (pid: 15154)
[2024-03-21 11:57:34 +0800] [15171] [INFO] Parent changed, shutting down: <Worker 15171>
[2024-03-21 11:57:34 +0800] [15171] [INFO] Worker exiting (pid: 15171)
[2024-03-21 11:57:34 +0800] [14967] [INFO] Parent changed, shutting down: <Worker 14967>
[2024-03-21 11:57:34 +0800] [14967] [INFO] Worker exiting (pid: 14967)
[2024-03-21 11:57:34 +0800] [15061] [INFO] Parent changed, shutting down: <Worker 15061>
[2024-03-21 11:57:34 +0800] [14839] [INFO] Parent changed, shutting down: <Worker 14839>
[2024-03-21 11:57:34 +0800] [14839] [INFO] Worker exiting (pid: 14839)
[2024-03-21 11:57:34 +0800] [15061] [INFO] Worker exiting (pid: 15061)
[2024-03-21 11:57:34 +0800] [15062] [INFO] Parent changed, shutting down: <Worker 15062>
[2024-03-21 11:57:34 +0800] [15062] [INFO] Worker exiting (pid: 15062)
[2024-03-21 11:57:34 +0800] [14756] [INFO] Parent changed, shutting down: <Worker 14756>
[2024-03-21 11:57:34 +0800] [14756] [INFO] Worker exiting (pid: 14756)
[2024-03-21 11:57:34 +0800] [14873] [INFO] Parent changed, shutting down: <Worker 14873>
[2024-03-21 11:57:34 +0800] [14805] [INFO] Parent changed, shutting down: <Worker 14805>
[2024-03-21 11:57:34 +0800] [14873] [INFO] Worker exiting (pid: 14873)
[2024-03-21 11:57:34 +0800] [14805] [INFO] Worker exiting (pid: 14805)
[2024-03-21 11:57:34 +0800] [14707] [INFO] Parent changed, shutting down: <Worker 14707>
[2024-03-21 11:57:34 +0800] [14707] [INFO] Worker exiting (pid: 14707)
[2024-03-21 11:57:34 +0800] [14674] [INFO] Parent changed, shutting down: <Worker 14674>
[2024-03-21 11:57:34 +0800] [14674] [INFO] Worker exiting (pid: 14674)
[2024-03-21 11:57:34 +0800] [14806] [INFO] Parent changed, shutting down: <Worker 14806>
[2024-03-21 11:57:34 +0800] [14806] [INFO] Worker exiting (pid: 14806)
[2024-03-21 11:57:34 +0800] [15014] [INFO] Parent changed, shutting down: <Worker 15014>
[2024-03-21 11:57:34 +0800] [15014] [INFO] Worker exiting (pid: 15014)
[2024-03-21 11:57:34 +0800] [14708] [INFO] Parent changed, shutting down: <Worker 14708>
[2024-03-21 11:57:34 +0800] [14708] [INFO] Worker exiting (pid: 14708)
[2024-03-21 11:57:34 +0800] [14915] [INFO] Parent changed, shutting down: <Worker 14915>
[2024-03-21 11:57:34 +0800] [14739] [INFO] Parent changed, shutting down: <Worker 14739>
[2024-03-21 11:57:34 +0800] [14739] [INFO] Worker exiting (pid: 14739)
[2024-03-21 11:57:34 +0800] [14915] [INFO] Worker exiting (pid: 14915)
[2024-03-21 11:57:34 +0800] [14893] [INFO] Parent changed, shutting down: <Worker 14893>
[2024-03-21 11:57:34 +0800] [14893] [INFO] Worker exiting (pid: 14893)
[2024-03-21 11:57:34 +0800] [14787] [INFO] Parent changed, shutting down: <Worker 14787>
[2024-03-21 11:57:34 +0800] [14787] [INFO] Worker exiting (pid: 14787)
[2024-03-21 11:57:34 +0800] [14964] [INFO] Parent changed, shutting down: <Worker 14964>
[2024-03-21 11:57:34 +0800] [14964] [INFO] Worker exiting (pid: 14964)
[2024-03-21 11:57:34 +0800] [14627] [INFO] Parent changed, shutting down: <Worker 14627>
[2024-03-21 11:57:34 +0800] [14627] [INFO] Worker exiting (pid: 14627)
[2024-03-21 11:57:34 +0800] [14594] [INFO] Parent changed, shutting down: <Worker 14594>
[2024-03-21 11:57:34 +0800] [14594] [INFO] Worker exiting (pid: 14594)
[2024-03-21 11:57:34 +0800] [14610] [INFO] Parent changed, shutting down: <Worker 14610>
[2024-03-21 11:57:34 +0800] [14610] [INFO] Worker exiting (pid: 14610)
[2024-03-21 11:57:34 +0800] [14740] [INFO] Parent changed, shutting down: <Worker 14740>
[2024-03-21 11:57:34 +0800] [14740] [INFO] Worker exiting (pid: 14740)
[2024-03-21 11:57:34 +0800] [15108] [INFO] Parent changed, shutting down: <Worker 15108>
[2024-03-21 11:57:34 +0800] [15108] [INFO] Worker exiting (pid: 15108)
[2024-03-21 11:57:34 +0800] [15155] [INFO] Parent changed, shutting down: <Worker 15155>
[2024-03-21 11:57:34 +0800] [15155] [INFO] Worker exiting (pid: 15155)
[2024-03-21 12:02:34 +0800] [9708] [INFO] Starting gunicorn 20.1.0
[2024-03-21 12:02:34 +0800] [9708] [INFO] Listening at: http://127.0.0.1:8101 (9708)
[2024-03-21 12:02:34 +0800] [9708] [INFO] Using worker: gevent
[2024-03-21 12:02:34 +0800] [9726] [INFO] Booting worker with pid: 9726
[2024-03-21 12:02:34 +0800] [9727] [INFO] Booting worker with pid: 9727
[2024-03-21 12:02:34 +0800] [9760] [INFO] Booting worker with pid: 9760
[2024-03-21 12:02:34 +0800] [9761] [INFO] Booting worker with pid: 9761
[2024-03-21 12:02:34 +0800] [9762] [INFO] Booting worker with pid: 9762
[2024-03-21 12:02:34 +0800] [9793] [INFO] Booting worker with pid: 9793
[2024-03-21 12:02:34 +0800] [9809] [INFO] Booting worker with pid: 9809
[2024-03-21 12:02:34 +0800] [9810] [INFO] Booting worker with pid: 9810
[2024-03-21 12:02:34 +0800] [9844] [INFO] Booting worker with pid: 9844
[2024-03-21 12:02:34 +0800] [9860] [INFO] Booting worker with pid: 9860
[2024-03-21 12:02:34 +0800] [9861] [INFO] Booting worker with pid: 9861
[2024-03-21 12:02:35 +0800] [9881] [INFO] Booting worker with pid: 9881
[2024-03-21 12:02:35 +0800] [9880] [INFO] Booting worker with pid: 9880
[2024-03-21 12:02:35 +0800] [9897] [INFO] Booting worker with pid: 9897
[2024-03-21 12:02:35 +0800] [9914] [INFO] Booting worker with pid: 9914
[2024-03-21 12:02:35 +0800] [9913] [INFO] Booting worker with pid: 9913
[2024-03-21 12:02:35 +0800] [9930] [INFO] Booting worker with pid: 9930
[2024-03-21 12:02:35 +0800] [9931] [INFO] Booting worker with pid: 9931
[2024-03-21 12:02:35 +0800] [9932] [INFO] Booting worker with pid: 9932
[2024-03-21 12:02:35 +0800] [9963] [INFO] Booting worker with pid: 9963
[2024-03-21 12:02:35 +0800] [9994] [INFO] Booting worker with pid: 9994
[2024-03-21 12:02:35 +0800] [10028] [INFO] Booting worker with pid: 10028
[2024-03-21 12:02:35 +0800] [10044] [INFO] Booting worker with pid: 10044
[2024-03-21 12:02:35 +0800] [10076] [INFO] Booting worker with pid: 10076
[2024-03-21 12:02:35 +0800] [10078] [INFO] Booting worker with pid: 10078
[2024-03-21 12:02:35 +0800] [10095] [INFO] Booting worker with pid: 10095
[2024-03-21 12:02:35 +0800] [10128] [INFO] Booting worker with pid: 10128
[2024-03-21 12:02:35 +0800] [10144] [INFO] Booting worker with pid: 10144
[2024-03-21 12:02:35 +0800] [10160] [INFO] Booting worker with pid: 10160
[2024-03-21 12:02:35 +0800] [10176] [INFO] Booting worker with pid: 10176
[2024-03-21 12:02:35 +0800] [10177] [INFO] Booting worker with pid: 10177
[2024-03-21 12:02:35 +0800] [10193] [INFO] Booting worker with pid: 10193
[2024-03-21 12:02:35 +0800] [10194] [INFO] Booting worker with pid: 10194
[2024-03-21 12:04:11 +0800] [10044] [INFO] Parent changed, shutting down: <Worker 10044>
[2024-03-21 12:04:11 +0800] [10044] [INFO] Worker exiting (pid: 10044)
[2024-03-21 12:04:11 +0800] [9994] [INFO] Parent changed, shutting down: <Worker 9994>
[2024-03-21 12:04:11 +0800] [9994] [INFO] Worker exiting (pid: 9994)
[2024-03-21 12:04:11 +0800] [9880] [INFO] Parent changed, shutting down: <Worker 9880>
[2024-03-21 12:04:11 +0800] [9880] [INFO] Worker exiting (pid: 9880)
[2024-03-21 12:04:11 +0800] [10176] [INFO] Parent changed, shutting down: <Worker 10176>
[2024-03-21 12:04:11 +0800] [9914] [INFO] Parent changed, shutting down: <Worker 9914>
[2024-03-21 12:04:11 +0800] [10176] [INFO] Worker exiting (pid: 10176)
[2024-03-21 12:04:11 +0800] [9914] [INFO] Worker exiting (pid: 9914)
[2024-03-21 12:04:11 +0800] [9897] [INFO] Parent changed, shutting down: <Worker 9897>
[2024-03-21 12:04:11 +0800] [9897] [INFO] Worker exiting (pid: 9897)
[2024-03-21 12:04:11 +0800] [9860] [INFO] Parent changed, shutting down: <Worker 9860>
[2024-03-21 12:04:11 +0800] [9860] [INFO] Worker exiting (pid: 9860)
[2024-03-21 12:04:11 +0800] [10076] [INFO] Parent changed, shutting down: <Worker 10076>
[2024-03-21 12:04:11 +0800] [10076] [INFO] Worker exiting (pid: 10076)
[2024-03-21 12:04:11 +0800] [10078] [INFO] Parent changed, shutting down: <Worker 10078>
[2024-03-21 12:04:11 +0800] [10078] [INFO] Worker exiting (pid: 10078)
[2024-03-21 12:04:11 +0800] [9913] [INFO] Parent changed, shutting down: <Worker 9913>
[2024-03-21 12:04:11 +0800] [9913] [INFO] Worker exiting (pid: 9913)
[2024-03-21 12:04:11 +0800] [9963] [INFO] Parent changed, shutting down: <Worker 9963>
[2024-03-21 12:04:11 +0800] [9963] [INFO] Worker exiting (pid: 9963)
[2024-03-21 12:04:11 +0800] [10095] [INFO] Parent changed, shutting down: <Worker 10095>
[2024-03-21 12:04:11 +0800] [10095] [INFO] Worker exiting (pid: 10095)
[2024-03-21 12:04:11 +0800] [10028] [INFO] Parent changed, shutting down: <Worker 10028>
[2024-03-21 12:04:11 +0800] [10028] [INFO] Worker exiting (pid: 10028)
[2024-03-21 12:04:11 +0800] [10144] [INFO] Parent changed, shutting down: <Worker 10144>
[2024-03-21 12:04:11 +0800] [10144] [INFO] Worker exiting (pid: 10144)
[2024-03-21 12:04:11 +0800] [10193] [INFO] Parent changed, shutting down: <Worker 10193>
[2024-03-21 12:04:11 +0800] [10193] [INFO] Worker exiting (pid: 10193)
[2024-03-21 12:04:11 +0800] [10160] [INFO] Parent changed, shutting down: <Worker 10160>
[2024-03-21 12:04:11 +0800] [10160] [INFO] Worker exiting (pid: 10160)
[2024-03-21 12:04:11 +0800] [10177] [INFO] Parent changed, shutting down: <Worker 10177>
[2024-03-21 12:04:11 +0800] [10177] [INFO] Worker exiting (pid: 10177)
[2024-03-21 12:04:11 +0800] [10128] [INFO] Parent changed, shutting down: <Worker 10128>
[2024-03-21 12:04:11 +0800] [10128] [INFO] Worker exiting (pid: 10128)
[2024-03-21 12:04:11 +0800] [9760] [INFO] Parent changed, shutting down: <Worker 9760>
[2024-03-21 12:04:11 +0800] [9760] [INFO] Worker exiting (pid: 9760)
[2024-03-21 12:04:11 +0800] [9810] [INFO] Parent changed, shutting down: <Worker 9810>
[2024-03-21 12:04:11 +0800] [9810] [INFO] Worker exiting (pid: 9810)
[2024-03-21 12:04:11 +0800] [9761] [INFO] Parent changed, shutting down: <Worker 9761>
[2024-03-21 12:04:11 +0800] [9761] [INFO] Worker exiting (pid: 9761)
[2024-03-21 12:04:11 +0800] [9727] [INFO] Parent changed, shutting down: <Worker 9727>
[2024-03-21 12:04:11 +0800] [9727] [INFO] Worker exiting (pid: 9727)
[2024-03-21 12:04:11 +0800] [9809] [INFO] Parent changed, shutting down: <Worker 9809>
[2024-03-21 12:04:11 +0800] [9809] [INFO] Worker exiting (pid: 9809)
[2024-03-21 12:04:11 +0800] [9793] [INFO] Parent changed, shutting down: <Worker 9793>
[2024-03-21 12:04:11 +0800] [9793] [INFO] Worker exiting (pid: 9793)
[2024-03-21 12:04:11 +0800] [9930] [INFO] Parent changed, shutting down: <Worker 9930>
[2024-03-21 12:04:11 +0800] [9930] [INFO] Worker exiting (pid: 9930)
[2024-03-21 12:04:11 +0800] [9932] [INFO] Parent changed, shutting down: <Worker 9932>
[2024-03-21 12:04:11 +0800] [9932] [INFO] Worker exiting (pid: 9932)
[2024-03-21 12:04:11 +0800] [9762] [INFO] Parent changed, shutting down: <Worker 9762>
[2024-03-21 12:04:11 +0800] [9762] [INFO] Worker exiting (pid: 9762)
[2024-03-21 12:04:11 +0800] [9861] [INFO] Parent changed, shutting down: <Worker 9861>
[2024-03-21 12:04:11 +0800] [9861] [INFO] Worker exiting (pid: 9861)
[2024-03-21 12:04:11 +0800] [9881] [INFO] Parent changed, shutting down: <Worker 9881>
[2024-03-21 12:04:11 +0800] [9881] [INFO] Worker exiting (pid: 9881)
[2024-03-21 12:04:12 +0800] [9726] [INFO] Parent changed, shutting down: <Worker 9726>
[2024-03-21 12:04:12 +0800] [9726] [INFO] Worker exiting (pid: 9726)
[2024-03-21 12:04:12 +0800] [10194] [INFO] Parent changed, shutting down: <Worker 10194>
[2024-03-21 12:04:12 +0800] [9931] [INFO] Parent changed, shutting down: <Worker 9931>
[2024-03-21 12:04:12 +0800] [9931] [INFO] Worker exiting (pid: 9931)
[2024-03-21 12:04:12 +0800] [10194] [INFO] Worker exiting (pid: 10194)
[2024-03-21 12:04:12 +0800] [9844] [INFO] Parent changed, shutting down: <Worker 9844>
[2024-03-21 12:04:12 +0800] [9844] [INFO] Worker exiting (pid: 9844)
[2024-03-21 12:05:08 +0800] [11320] [INFO] Starting gunicorn 20.1.0
[2024-03-21 12:05:08 +0800] [11320] [INFO] Listening at: http://127.0.0.1:8101 (11320)
[2024-03-21 12:05:08 +0800] [11320] [INFO] Using worker: gevent
[2024-03-21 12:05:08 +0800] [11334] [INFO] Booting worker with pid: 11334
[2024-03-21 12:05:08 +0800] [11350] [INFO] Booting worker with pid: 11350
[2024-03-21 12:05:09 +0800] [11351] [INFO] Booting worker with pid: 11351
[2024-03-21 12:05:09 +0800] [11367] [INFO] Booting worker with pid: 11367
[2024-03-21 12:05:09 +0800] [11383] [INFO] Booting worker with pid: 11383
[2024-03-21 12:05:09 +0800] [11399] [INFO] Booting worker with pid: 11399
[2024-03-21 12:05:09 +0800] [11432] [INFO] Booting worker with pid: 11432
[2024-03-21 12:05:09 +0800] [11437] [INFO] Booting worker with pid: 11437
[2024-03-21 12:05:09 +0800] [11438] [INFO] Booting worker with pid: 11438
[2024-03-21 12:05:09 +0800] [11469] [INFO] Booting worker with pid: 11469
[2024-03-21 12:05:09 +0800] [11515] [INFO] Booting worker with pid: 11515
[2024-03-21 12:05:09 +0800] [11531] [INFO] Booting worker with pid: 11531
[2024-03-21 12:05:09 +0800] [11562] [INFO] Booting worker with pid: 11562
[2024-03-21 12:05:09 +0800] [11563] [INFO] Booting worker with pid: 11563
[2024-03-21 12:05:09 +0800] [11564] [INFO] Booting worker with pid: 11564
[2024-03-21 12:05:09 +0800] [11595] [INFO] Booting worker with pid: 11595
[2024-03-21 12:05:09 +0800] [11596] [INFO] Booting worker with pid: 11596
[2024-03-21 12:05:09 +0800] [11642] [INFO] Booting worker with pid: 11642
[2024-03-21 12:05:09 +0800] [11643] [INFO] Booting worker with pid: 11643
[2024-03-21 12:05:10 +0800] [11689] [INFO] Booting worker with pid: 11689
[2024-03-21 12:05:10 +0800] [11735] [INFO] Booting worker with pid: 11735
[2024-03-21 12:05:10 +0800] [11736] [INFO] Booting worker with pid: 11736
[2024-03-21 12:05:10 +0800] [11767] [INFO] Booting worker with pid: 11767
[2024-03-21 12:05:10 +0800] [11768] [INFO] Booting worker with pid: 11768
[2024-03-21 12:05:10 +0800] [11800] [INFO] Booting worker with pid: 11800
[2024-03-21 12:05:10 +0800] [11817] [INFO] Booting worker with pid: 11817
[2024-03-21 12:05:10 +0800] [11834] [INFO] Booting worker with pid: 11834
[2024-03-21 12:05:10 +0800] [11835] [INFO] Booting worker with pid: 11835
[2024-03-21 12:05:10 +0800] [11881] [INFO] Booting worker with pid: 11881
[2024-03-21 12:05:10 +0800] [11882] [INFO] Booting worker with pid: 11882
[2024-03-21 12:05:10 +0800] [11913] [INFO] Booting worker with pid: 11913
[2024-03-21 12:05:10 +0800] [11929] [INFO] Booting worker with pid: 11929
[2024-03-21 12:05:10 +0800] [11960] [INFO] Booting worker with pid: 11960
[2024-03-21 12:29:52 +0800] [11383] [INFO] Parent changed, shutting down: <Worker 11383>
[2024-03-21 12:29:52 +0800] [11383] [INFO] Worker exiting (pid: 11383)
[2024-03-21 12:29:52 +0800] [11367] [INFO] Parent changed, shutting down: <Worker 11367>
[2024-03-21 12:29:52 +0800] [11367] [INFO] Worker exiting (pid: 11367)
[2024-03-21 12:29:52 +0800] [11767] [INFO] Parent changed, shutting down: <Worker 11767>
[2024-03-21 12:29:52 +0800] [11767] [INFO] Worker exiting (pid: 11767)
[2024-03-21 12:29:52 +0800] [11432] [INFO] Parent changed, shutting down: <Worker 11432>
[2024-03-21 12:29:52 +0800] [11515] [INFO] Parent changed, shutting down: <Worker 11515>
[2024-03-21 12:29:52 +0800] [11432] [INFO] Worker exiting (pid: 11432)
[2024-03-21 12:29:52 +0800] [11515] [INFO] Worker exiting (pid: 11515)
[2024-03-21 12:29:52 +0800] [11437] [INFO] Parent changed, shutting down: <Worker 11437>
[2024-03-21 12:29:52 +0800] [11438] [INFO] Parent changed, shutting down: <Worker 11438>
[2024-03-21 12:29:52 +0800] [11437] [INFO] Worker exiting (pid: 11437)
[2024-03-21 12:29:52 +0800] [11438] [INFO] Worker exiting (pid: 11438)
[2024-03-21 12:29:52 +0800] [11563] [INFO] Parent changed, shutting down: <Worker 11563>
[2024-03-21 12:29:52 +0800] [11563] [INFO] Worker exiting (pid: 11563)
[2024-03-21 12:29:52 +0800] [11564] [INFO] Parent changed, shutting down: <Worker 11564>
[2024-03-21 12:29:52 +0800] [11334] [INFO] Parent changed, shutting down: <Worker 11334>
[2024-03-21 12:29:52 +0800] [11564] [INFO] Worker exiting (pid: 11564)
[2024-03-21 12:29:52 +0800] [11334] [INFO] Worker exiting (pid: 11334)
[2024-03-21 12:29:52 +0800] [11350] [INFO] Parent changed, shutting down: <Worker 11350>
[2024-03-21 12:29:52 +0800] [11350] [INFO] Worker exiting (pid: 11350)
[2024-03-21 12:29:52 +0800] [11735] [INFO] Parent changed, shutting down: <Worker 11735>
[2024-03-21 12:29:52 +0800] [11735] [INFO] Worker exiting (pid: 11735)
[2024-03-21 12:29:52 +0800] [11643] [INFO] Parent changed, shutting down: <Worker 11643>
[2024-03-21 12:29:52 +0800] [11643] [INFO] Worker exiting (pid: 11643)
[2024-03-21 12:29:52 +0800] [11595] [INFO] Parent changed, shutting down: <Worker 11595>
[2024-03-21 12:29:52 +0800] [11595] [INFO] Worker exiting (pid: 11595)
[2024-03-21 12:29:52 +0800] [11768] [INFO] Parent changed, shutting down: <Worker 11768>
[2024-03-21 12:29:52 +0800] [11768] [INFO] Worker exiting (pid: 11768)
[2024-03-21 12:29:52 +0800] [11736] [INFO] Parent changed, shutting down: <Worker 11736>
[2024-03-21 12:29:52 +0800] [11736] [INFO] Worker exiting (pid: 11736)
[2024-03-21 12:29:52 +0800] [11531] [INFO] Parent changed, shutting down: <Worker 11531>
[2024-03-21 12:29:52 +0800] [11531] [INFO] Worker exiting (pid: 11531)
[2024-03-21 12:29:52 +0800] [11562] [INFO] Parent changed, shutting down: <Worker 11562>
[2024-03-21 12:29:52 +0800] [11562] [INFO] Worker exiting (pid: 11562)
[2024-03-21 12:29:52 +0800] [11596] [INFO] Parent changed, shutting down: <Worker 11596>
[2024-03-21 12:29:52 +0800] [11642] [INFO] Parent changed, shutting down: <Worker 11642>
[2024-03-21 12:29:52 +0800] [11642] [INFO] Worker exiting (pid: 11642)
[2024-03-21 12:29:52 +0800] [11596] [INFO] Worker exiting (pid: 11596)
[2024-03-21 12:29:52 +0800] [11351] [INFO] Parent changed, shutting down: <Worker 11351>
[2024-03-21 12:29:52 +0800] [11351] [INFO] Worker exiting (pid: 11351)
[2024-03-21 12:29:52 +0800] [11835] [INFO] Parent changed, shutting down: <Worker 11835>
[2024-03-21 12:29:52 +0800] [11835] [INFO] Worker exiting (pid: 11835)
[2024-03-21 12:29:52 +0800] [11689] [INFO] Parent changed, shutting down: <Worker 11689>
[2024-03-21 12:29:52 +0800] [11689] [INFO] Worker exiting (pid: 11689)
[2024-03-21 12:29:52 +0800] [11834] [INFO] Parent changed, shutting down: <Worker 11834>
[2024-03-21 12:29:52 +0800] [11834] [INFO] Worker exiting (pid: 11834)
[2024-03-21 12:29:52 +0800] [11817] [INFO] Parent changed, shutting down: <Worker 11817>
[2024-03-21 12:29:52 +0800] [11817] [INFO] Worker exiting (pid: 11817)
[2024-03-21 12:29:52 +0800] [11929] [INFO] Parent changed, shutting down: <Worker 11929>
[2024-03-21 12:29:52 +0800] [11929] [INFO] Worker exiting (pid: 11929)
[2024-03-21 12:29:52 +0800] [11881] [INFO] Parent changed, shutting down: <Worker 11881>
[2024-03-21 12:29:52 +0800] [11881] [INFO] Worker exiting (pid: 11881)
[2024-03-21 12:29:52 +0800] [11469] [INFO] Parent changed, shutting down: <Worker 11469>
[2024-03-21 12:29:52 +0800] [11469] [INFO] Worker exiting (pid: 11469)
[2024-03-21 12:29:52 +0800] [11913] [INFO] Parent changed, shutting down: <Worker 11913>
[2024-03-21 12:29:52 +0800] [11882] [INFO] Parent changed, shutting down: <Worker 11882>
[2024-03-21 12:29:52 +0800] [11913] [INFO] Worker exiting (pid: 11913)
[2024-03-21 12:29:52 +0800] [11882] [INFO] Worker exiting (pid: 11882)
[2024-03-21 12:29:52 +0800] [11960] [INFO] Parent changed, shutting down: <Worker 11960>
[2024-03-21 12:29:52 +0800] [11960] [INFO] Worker exiting (pid: 11960)
[2024-03-21 12:29:52 +0800] [11399] [INFO] Parent changed, shutting down: <Worker 11399>
[2024-03-21 12:29:52 +0800] [11399] [INFO] Worker exiting (pid: 11399)
[2024-03-21 12:29:52 +0800] [11800] [INFO] Parent changed, shutting down: <Worker 11800>
[2024-03-21 12:29:52 +0800] [11800] [INFO] Worker exiting (pid: 11800)
[2024-03-21 12:29:55 +0800] [13398] [INFO] Starting gunicorn 20.1.0
[2024-03-21 12:29:55 +0800] [13398] [INFO] Listening at: http://127.0.0.1:8101 (13398)
[2024-03-21 12:29:55 +0800] [13398] [INFO] Using worker: gevent
[2024-03-21 12:29:55 +0800] [13412] [INFO] Booting worker with pid: 13412
[2024-03-21 12:29:55 +0800] [13428] [INFO] Booting worker with pid: 13428
[2024-03-21 12:29:55 +0800] [13429] [INFO] Booting worker with pid: 13429
[2024-03-21 12:29:55 +0800] [13460] [INFO] Booting worker with pid: 13460
[2024-03-21 12:29:55 +0800] [13476] [INFO] Booting worker with pid: 13476
[2024-03-21 12:29:55 +0800] [13477] [INFO] Booting worker with pid: 13477
[2024-03-21 12:29:55 +0800] [13491] [INFO] Booting worker with pid: 13491
[2024-03-21 12:29:55 +0800] [13492] [INFO] Booting worker with pid: 13492
[2024-03-21 12:29:55 +0800] [13510] [INFO] Booting worker with pid: 13510
[2024-03-21 12:29:55 +0800] [13545] [INFO] Booting worker with pid: 13545
[2024-03-21 12:29:55 +0800] [13576] [INFO] Booting worker with pid: 13576
[2024-03-21 12:29:55 +0800] [13577] [INFO] Booting worker with pid: 13577
[2024-03-21 12:29:56 +0800] [13593] [INFO] Booting worker with pid: 13593
[2024-03-21 12:29:56 +0800] [13654] [INFO] Booting worker with pid: 13654
[2024-03-21 12:29:56 +0800] [13670] [INFO] Booting worker with pid: 13670
[2024-03-21 12:29:56 +0800] [13686] [INFO] Booting worker with pid: 13686
[2024-03-21 12:29:56 +0800] [13702] [INFO] Booting worker with pid: 13702
[2024-03-21 12:29:56 +0800] [13718] [INFO] Booting worker with pid: 13718
[2024-03-21 12:29:56 +0800] [13734] [INFO] Booting worker with pid: 13734
[2024-03-21 12:29:56 +0800] [13750] [INFO] Booting worker with pid: 13750
[2024-03-21 12:29:56 +0800] [13751] [INFO] Booting worker with pid: 13751
[2024-03-21 12:29:56 +0800] [13752] [INFO] Booting worker with pid: 13752
[2024-03-21 12:29:56 +0800] [13800] [INFO] Booting worker with pid: 13800
[2024-03-21 12:29:56 +0800] [13831] [INFO] Booting worker with pid: 13831
[2024-03-21 12:29:56 +0800] [13832] [INFO] Booting worker with pid: 13832
[2024-03-21 12:29:56 +0800] [13848] [INFO] Booting worker with pid: 13848
[2024-03-21 12:29:56 +0800] [13879] [INFO] Booting worker with pid: 13879
[2024-03-21 12:29:56 +0800] [13897] [INFO] Booting worker with pid: 13897
[2024-03-21 12:29:56 +0800] [13929] [INFO] Booting worker with pid: 13929
[2024-03-21 12:29:56 +0800] [13930] [INFO] Booting worker with pid: 13930
[2024-03-21 12:29:57 +0800] [14006] [INFO] Booting worker with pid: 14006
[2024-03-21 12:29:57 +0800] [14007] [INFO] Booting worker with pid: 14007
[2024-03-21 12:29:57 +0800] [14023] [INFO] Booting worker with pid: 14023
[2024-03-21 12:30:31 +0800] [13476] [INFO] Parent changed, shutting down: <Worker 13476>
[2024-03-21 12:30:31 +0800] [13476] [INFO] Worker exiting (pid: 13476)
[2024-03-21 12:30:31 +0800] [13751] [INFO] Parent changed, shutting down: <Worker 13751>
[2024-03-21 12:30:31 +0800] [13751] [INFO] Worker exiting (pid: 13751)
[2024-03-21 12:30:31 +0800] [13734] [INFO] Parent changed, shutting down: <Worker 13734>
[2024-03-21 12:30:31 +0800] [13734] [INFO] Worker exiting (pid: 13734)
[2024-03-21 12:30:31 +0800] [13492] [INFO] Parent changed, shutting down: <Worker 13492>
[2024-03-21 12:30:31 +0800] [13492] [INFO] Worker exiting (pid: 13492)
[2024-03-21 12:30:31 +0800] [13545] [INFO] Parent changed, shutting down: <Worker 13545>
[2024-03-21 12:30:31 +0800] [13545] [INFO] Worker exiting (pid: 13545)
[2024-03-21 12:30:31 +0800] [13686] [INFO] Parent changed, shutting down: <Worker 13686>
[2024-03-21 12:30:31 +0800] [13686] [INFO] Worker exiting (pid: 13686)
[2024-03-21 12:30:31 +0800] [13718] [INFO] Parent changed, shutting down: <Worker 13718>
[2024-03-21 12:30:31 +0800] [13718] [INFO] Worker exiting (pid: 13718)
[2024-03-21 12:30:31 +0800] [13576] [INFO] Parent changed, shutting down: <Worker 13576>
[2024-03-21 12:30:31 +0800] [13576] [INFO] Worker exiting (pid: 13576)
[2024-03-21 12:30:31 +0800] [13593] [INFO] Parent changed, shutting down: <Worker 13593>
[2024-03-21 12:30:31 +0800] [13593] [INFO] Worker exiting (pid: 13593)
[2024-03-21 12:30:31 +0800] [13897] [INFO] Parent changed, shutting down: <Worker 13897>
[2024-03-21 12:30:31 +0800] [13897] [INFO] Worker exiting (pid: 13897)
[2024-03-21 12:30:31 +0800] [13702] [INFO] Parent changed, shutting down: <Worker 13702>
[2024-03-21 12:30:31 +0800] [13702] [INFO] Worker exiting (pid: 13702)
[2024-03-21 12:30:31 +0800] [13412] [INFO] Parent changed, shutting down: <Worker 13412>
[2024-03-21 12:30:31 +0800] [13412] [INFO] Worker exiting (pid: 13412)
[2024-03-21 12:30:31 +0800] [13800] [INFO] Parent changed, shutting down: <Worker 13800>
[2024-03-21 12:30:31 +0800] [13800] [INFO] Worker exiting (pid: 13800)
[2024-03-21 12:30:31 +0800] [14006] [INFO] Parent changed, shutting down: <Worker 14006>
[2024-03-21 12:30:31 +0800] [14006] [INFO] Worker exiting (pid: 14006)
[2024-03-21 12:30:31 +0800] [13832] [INFO] Parent changed, shutting down: <Worker 13832>
[2024-03-21 12:30:31 +0800] [13750] [INFO] Parent changed, shutting down: <Worker 13750>
[2024-03-21 12:30:31 +0800] [13832] [INFO] Worker exiting (pid: 13832)
[2024-03-21 12:30:31 +0800] [13750] [INFO] Worker exiting (pid: 13750)
[2024-03-21 12:30:31 +0800] [13477] [INFO] Parent changed, shutting down: <Worker 13477>
[2024-03-21 12:30:31 +0800] [13477] [INFO] Worker exiting (pid: 13477)
[2024-03-21 12:30:31 +0800] [13930] [INFO] Parent changed, shutting down: <Worker 13930>
[2024-03-21 12:30:31 +0800] [13930] [INFO] Worker exiting (pid: 13930)
[2024-03-21 12:30:31 +0800] [13428] [INFO] Parent changed, shutting down: <Worker 13428>
[2024-03-21 12:30:31 +0800] [13879] [INFO] Parent changed, shutting down: <Worker 13879>
[2024-03-21 12:30:31 +0800] [13428] [INFO] Worker exiting (pid: 13428)
[2024-03-21 12:30:31 +0800] [13879] [INFO] Worker exiting (pid: 13879)
[2024-03-21 12:30:31 +0800] [13752] [INFO] Parent changed, shutting down: <Worker 13752>
[2024-03-21 12:30:31 +0800] [13848] [INFO] Parent changed, shutting down: <Worker 13848>
[2024-03-21 12:30:31 +0800] [13848] [INFO] Worker exiting (pid: 13848)
[2024-03-21 12:30:31 +0800] [13752] [INFO] Worker exiting (pid: 13752)
[2024-03-21 12:30:31 +0800] [14007] [INFO] Parent changed, shutting down: <Worker 14007>
[2024-03-21 12:30:31 +0800] [14007] [INFO] Worker exiting (pid: 14007)
[2024-03-21 12:30:31 +0800] [14023] [INFO] Parent changed, shutting down: <Worker 14023>
[2024-03-21 12:30:31 +0800] [14023] [INFO] Worker exiting (pid: 14023)
[2024-03-21 12:30:31 +0800] [13460] [INFO] Parent changed, shutting down: <Worker 13460>
[2024-03-21 12:30:31 +0800] [13460] [INFO] Worker exiting (pid: 13460)
[2024-03-21 12:30:31 +0800] [13831] [INFO] Parent changed, shutting down: <Worker 13831>
[2024-03-21 12:30:31 +0800] [13831] [INFO] Worker exiting (pid: 13831)
[2024-03-21 12:30:31 +0800] [13510] [INFO] Parent changed, shutting down: <Worker 13510>
[2024-03-21 12:30:31 +0800] [13510] [INFO] Worker exiting (pid: 13510)
[2024-03-21 12:30:31 +0800] [13491] [INFO] Parent changed, shutting down: <Worker 13491>
[2024-03-21 12:30:31 +0800] [13491] [INFO] Worker exiting (pid: 13491)
[2024-03-21 12:30:31 +0800] [13654] [INFO] Parent changed, shutting down: <Worker 13654>
[2024-03-21 12:30:31 +0800] [13654] [INFO] Worker exiting (pid: 13654)
[2024-03-21 12:30:31 +0800] [13577] [INFO] Parent changed, shutting down: <Worker 13577>
[2024-03-21 12:30:31 +0800] [13577] [INFO] Worker exiting (pid: 13577)
[2024-03-21 12:30:32 +0800] [13429] [INFO] Parent changed, shutting down: <Worker 13429>
[2024-03-21 12:30:32 +0800] [13429] [INFO] Worker exiting (pid: 13429)
[2024-03-21 12:30:32 +0800] [13929] [INFO] Parent changed, shutting down: <Worker 13929>
[2024-03-21 12:30:32 +0800] [13929] [INFO] Worker exiting (pid: 13929)
[2024-03-21 12:30:32 +0800] [13670] [INFO] Parent changed, shutting down: <Worker 13670>
[2024-03-21 12:30:32 +0800] [13670] [INFO] Worker exiting (pid: 13670)
[2024-03-21 12:33:49 +0800] [15158] [INFO] Starting gunicorn 20.1.0
[2024-03-21 12:33:49 +0800] [15158] [INFO] Listening at: http://127.0.0.1:8101 (15158)
[2024-03-21 12:33:49 +0800] [15158] [INFO] Using worker: gevent
[2024-03-21 12:33:49 +0800] [15178] [INFO] Booting worker with pid: 15178
[2024-03-21 12:33:49 +0800] [15194] [INFO] Booting worker with pid: 15194
[2024-03-21 12:33:49 +0800] [15195] [INFO] Booting worker with pid: 15195
[2024-03-21 12:33:49 +0800] [15226] [INFO] Booting worker with pid: 15226
[2024-03-21 12:33:49 +0800] [15227] [INFO] Booting worker with pid: 15227
[2024-03-21 12:33:49 +0800] [15228] [INFO] Booting worker with pid: 15228
[2024-03-21 12:33:50 +0800] [15289] [INFO] Booting worker with pid: 15289
[2024-03-21 12:33:50 +0800] [15290] [INFO] Booting worker with pid: 15290
[2024-03-21 12:33:50 +0800] [15291] [INFO] Booting worker with pid: 15291
[2024-03-21 12:33:50 +0800] [15292] [INFO] Booting worker with pid: 15292
[2024-03-21 12:33:50 +0800] [15293] [INFO] Booting worker with pid: 15293
[2024-03-21 12:33:50 +0800] [15354] [INFO] Booting worker with pid: 15354
[2024-03-21 12:33:50 +0800] [15370] [INFO] Booting worker with pid: 15370
[2024-03-21 12:33:50 +0800] [15386] [INFO] Booting worker with pid: 15386
[2024-03-21 12:33:50 +0800] [15402] [INFO] Booting worker with pid: 15402
[2024-03-21 12:33:50 +0800] [15418] [INFO] Booting worker with pid: 15418
[2024-03-21 12:33:50 +0800] [15419] [INFO] Booting worker with pid: 15419
[2024-03-21 12:33:50 +0800] [15420] [INFO] Booting worker with pid: 15420
[2024-03-21 12:33:50 +0800] [15451] [INFO] Booting worker with pid: 15451
[2024-03-21 12:33:50 +0800] [15483] [INFO] Booting worker with pid: 15483
[2024-03-21 12:33:50 +0800] [15500] [INFO] Booting worker with pid: 15500
[2024-03-21 12:33:50 +0800] [15502] [INFO] Booting worker with pid: 15502
[2024-03-21 12:33:50 +0800] [15548] [INFO] Booting worker with pid: 15548
[2024-03-21 12:33:50 +0800] [15549] [INFO] Booting worker with pid: 15549
[2024-03-21 12:33:50 +0800] [15565] [INFO] Booting worker with pid: 15565
[2024-03-21 12:33:50 +0800] [15581] [INFO] Booting worker with pid: 15581
[2024-03-21 12:33:51 +0800] [15627] [INFO] Booting worker with pid: 15627
[2024-03-21 12:33:51 +0800] [15658] [INFO] Booting worker with pid: 15658
[2024-03-21 12:33:51 +0800] [15689] [INFO] Booting worker with pid: 15689
[2024-03-21 12:33:51 +0800] [15690] [INFO] Booting worker with pid: 15690
[2024-03-21 12:33:51 +0800] [15721] [INFO] Booting worker with pid: 15721
[2024-03-21 12:33:51 +0800] [15753] [INFO] Booting worker with pid: 15753
[2024-03-21 12:33:51 +0800] [15755] [INFO] Booting worker with pid: 15755
[2024-03-21 13:25:32 +0800] [15228] [INFO] Parent changed, shutting down: <Worker 15228>
[2024-03-21 13:25:32 +0800] [15228] [INFO] Worker exiting (pid: 15228)
[2024-03-21 13:25:32 +0800] [15753] [INFO] Parent changed, shutting down: <Worker 15753>
[2024-03-21 13:25:32 +0800] [15753] [INFO] Worker exiting (pid: 15753)
[2024-03-21 13:25:32 +0800] [15370] [INFO] Parent changed, shutting down: <Worker 15370>
[2024-03-21 13:25:32 +0800] [15370] [INFO] Worker exiting (pid: 15370)
[2024-03-21 13:25:32 +0800] [15419] [INFO] Parent changed, shutting down: <Worker 15419>
[2024-03-21 13:25:32 +0800] [15419] [INFO] Worker exiting (pid: 15419)
[2024-03-21 13:25:32 +0800] [15195] [INFO] Parent changed, shutting down: <Worker 15195>
[2024-03-21 13:25:32 +0800] [15195] [INFO] Worker exiting (pid: 15195)
[2024-03-21 13:25:32 +0800] [15627] [INFO] Parent changed, shutting down: <Worker 15627>
[2024-03-21 13:25:32 +0800] [15627] [INFO] Worker exiting (pid: 15627)
[2024-03-21 13:25:32 +0800] [15418] [INFO] Parent changed, shutting down: <Worker 15418>
[2024-03-21 13:25:32 +0800] [15418] [INFO] Worker exiting (pid: 15418)
[2024-03-21 13:25:32 +0800] [15755] [INFO] Parent changed, shutting down: <Worker 15755>
[2024-03-21 13:25:32 +0800] [15755] [INFO] Worker exiting (pid: 15755)
[2024-03-21 13:25:32 +0800] [15451] [INFO] Parent changed, shutting down: <Worker 15451>
[2024-03-21 13:25:32 +0800] [15451] [INFO] Worker exiting (pid: 15451)
[2024-03-21 13:25:32 +0800] [15548] [INFO] Parent changed, shutting down: <Worker 15548>
[2024-03-21 13:25:32 +0800] [15548] [INFO] Worker exiting (pid: 15548)
[2024-03-21 13:25:32 +0800] [15658] [INFO] Parent changed, shutting down: <Worker 15658>
[2024-03-21 13:25:32 +0800] [15658] [INFO] Worker exiting (pid: 15658)
[2024-03-21 13:25:32 +0800] [15502] [INFO] Parent changed, shutting down: <Worker 15502>
[2024-03-21 13:25:32 +0800] [15502] [INFO] Worker exiting (pid: 15502)
[2024-03-21 13:25:32 +0800] [15565] [INFO] Parent changed, shutting down: <Worker 15565>
[2024-03-21 13:25:32 +0800] [15565] [INFO] Worker exiting (pid: 15565)
[2024-03-21 13:25:32 +0800] [15292] [INFO] Parent changed, shutting down: <Worker 15292>
[2024-03-21 13:25:32 +0800] [15500] [INFO] Parent changed, shutting down: <Worker 15500>
[2024-03-21 13:25:32 +0800] [15292] [INFO] Worker exiting (pid: 15292)
[2024-03-21 13:25:32 +0800] [15500] [INFO] Worker exiting (pid: 15500)
[2024-03-21 13:25:32 +0800] [15689] [INFO] Parent changed, shutting down: <Worker 15689>
[2024-03-21 13:25:32 +0800] [15194] [INFO] Parent changed, shutting down: <Worker 15194>
[2024-03-21 13:25:32 +0800] [15689] [INFO] Worker exiting (pid: 15689)
[2024-03-21 13:25:32 +0800] [15194] [INFO] Worker exiting (pid: 15194)
[2024-03-21 13:25:32 +0800] [15549] [INFO] Parent changed, shutting down: <Worker 15549>
[2024-03-21 13:25:32 +0800] [15549] [INFO] Worker exiting (pid: 15549)
[2024-03-21 13:25:32 +0800] [15290] [INFO] Parent changed, shutting down: <Worker 15290>
[2024-03-21 13:25:32 +0800] [15290] [INFO] Worker exiting (pid: 15290)
[2024-03-21 13:25:32 +0800] [15690] [INFO] Parent changed, shutting down: <Worker 15690>
[2024-03-21 13:25:32 +0800] [15690] [INFO] Worker exiting (pid: 15690)
[2024-03-21 13:25:32 +0800] [15721] [INFO] Parent changed, shutting down: <Worker 15721>
[2024-03-21 13:25:32 +0800] [15386] [INFO] Parent changed, shutting down: <Worker 15386>
[2024-03-21 13:25:32 +0800] [15386] [INFO] Worker exiting (pid: 15386)
[2024-03-21 13:25:32 +0800] [15721] [INFO] Worker exiting (pid: 15721)
[2024-03-21 13:25:32 +0800] [15581] [INFO] Parent changed, shutting down: <Worker 15581>
[2024-03-21 13:25:32 +0800] [15581] [INFO] Worker exiting (pid: 15581)
[2024-03-21 13:25:32 +0800] [15291] [INFO] Parent changed, shutting down: <Worker 15291>
[2024-03-21 13:25:32 +0800] [15291] [INFO] Worker exiting (pid: 15291)
[2024-03-21 13:25:32 +0800] [15226] [INFO] Parent changed, shutting down: <Worker 15226>
[2024-03-21 13:25:32 +0800] [15227] [INFO] Parent changed, shutting down: <Worker 15227>
[2024-03-21 13:25:32 +0800] [15483] [INFO] Parent changed, shutting down: <Worker 15483>
[2024-03-21 13:25:32 +0800] [15226] [INFO] Worker exiting (pid: 15226)
[2024-03-21 13:25:32 +0800] [15483] [INFO] Worker exiting (pid: 15483)
[2024-03-21 13:25:32 +0800] [15227] [INFO] Worker exiting (pid: 15227)
[2024-03-21 13:25:32 +0800] [15402] [INFO] Parent changed, shutting down: <Worker 15402>
[2024-03-21 13:25:32 +0800] [15289] [INFO] Parent changed, shutting down: <Worker 15289>
[2024-03-21 13:25:32 +0800] [15289] [INFO] Worker exiting (pid: 15289)
[2024-03-21 13:25:32 +0800] [15402] [INFO] Worker exiting (pid: 15402)
[2024-03-21 13:25:32 +0800] [15178] [INFO] Parent changed, shutting down: <Worker 15178>
[2024-03-21 13:25:32 +0800] [15178] [INFO] Worker exiting (pid: 15178)
[2024-03-21 13:25:32 +0800] [15293] [INFO] Parent changed, shutting down: <Worker 15293>
[2024-03-21 13:25:32 +0800] [15293] [INFO] Worker exiting (pid: 15293)
[2024-03-21 13:25:33 +0800] [15420] [INFO] Parent changed, shutting down: <Worker 15420>
[2024-03-21 13:25:33 +0800] [15420] [INFO] Worker exiting (pid: 15420)
[2024-03-21 13:25:33 +0800] [15354] [INFO] Parent changed, shutting down: <Worker 15354>
[2024-03-21 13:25:33 +0800] [15354] [INFO] Worker exiting (pid: 15354)
[2024-03-21 13:32:23 +0800] [18741] [INFO] Starting gunicorn 20.1.0
[2024-03-21 13:32:23 +0800] [18741] [INFO] Listening at: http://127.0.0.1:8101 (18741)
[2024-03-21 13:32:23 +0800] [18741] [INFO] Using worker: gevent
[2024-03-21 13:32:23 +0800] [18758] [INFO] Booting worker with pid: 18758
[2024-03-21 13:32:23 +0800] [18774] [INFO] Booting worker with pid: 18774
[2024-03-21 13:32:23 +0800] [18775] [INFO] Booting worker with pid: 18775
[2024-03-21 13:32:23 +0800] [18808] [INFO] Booting worker with pid: 18808
[2024-03-21 13:32:23 +0800] [18809] [INFO] Booting worker with pid: 18809
[2024-03-21 13:32:23 +0800] [18825] [INFO] Booting worker with pid: 18825
[2024-03-21 13:32:23 +0800] [18841] [INFO] Booting worker with pid: 18841
[2024-03-21 13:32:23 +0800] [18872] [INFO] Booting worker with pid: 18872
[2024-03-21 13:32:23 +0800] [18873] [INFO] Booting worker with pid: 18873
[2024-03-21 13:32:23 +0800] [18889] [INFO] Booting worker with pid: 18889
[2024-03-21 13:32:23 +0800] [18905] [INFO] Booting worker with pid: 18905
[2024-03-21 13:32:23 +0800] [18921] [INFO] Booting worker with pid: 18921
[2024-03-21 13:32:23 +0800] [18922] [INFO] Booting worker with pid: 18922
[2024-03-21 13:32:23 +0800] [18923] [INFO] Booting worker with pid: 18923
[2024-03-21 13:32:23 +0800] [18954] [INFO] Booting worker with pid: 18954
[2024-03-21 13:32:24 +0800] [19000] [INFO] Booting worker with pid: 19000
[2024-03-21 13:32:24 +0800] [19031] [INFO] Booting worker with pid: 19031
[2024-03-21 13:32:24 +0800] [19032] [INFO] Booting worker with pid: 19032
[2024-03-21 13:32:24 +0800] [19033] [INFO] Booting worker with pid: 19033
[2024-03-21 13:32:24 +0800] [19081] [INFO] Booting worker with pid: 19081
[2024-03-21 13:32:24 +0800] [19082] [INFO] Booting worker with pid: 19082
[2024-03-21 13:32:24 +0800] [19084] [INFO] Booting worker with pid: 19084
[2024-03-21 13:32:24 +0800] [19148] [INFO] Booting worker with pid: 19148
[2024-03-21 13:32:24 +0800] [19149] [INFO] Booting worker with pid: 19149
[2024-03-21 13:32:24 +0800] [19150] [INFO] Booting worker with pid: 19150
[2024-03-21 13:32:24 +0800] [19196] [INFO] Booting worker with pid: 19196
[2024-03-21 13:32:24 +0800] [19227] [INFO] Booting worker with pid: 19227
[2024-03-21 13:32:24 +0800] [19228] [INFO] Booting worker with pid: 19228
[2024-03-21 13:32:24 +0800] [19244] [INFO] Booting worker with pid: 19244
[2024-03-21 13:32:24 +0800] [19290] [INFO] Booting worker with pid: 19290
[2024-03-21 13:32:24 +0800] [19306] [INFO] Booting worker with pid: 19306
[2024-03-21 13:32:24 +0800] [19337] [INFO] Booting worker with pid: 19337
[2024-03-21 13:32:24 +0800] [19353] [INFO] Booting worker with pid: 19353
[2024-03-21 13:32:32 +0800] [18741] [INFO] Handling signal: term
[2024-03-21 13:32:32 +0800] [19033] [INFO] Worker exiting (pid: 19033)
[2024-03-21 13:32:33 +0800] [18905] [INFO] Worker exiting (pid: 18905)
[2024-03-21 13:32:33 +0800] [19337] [INFO] Worker exiting (pid: 19337)
[2024-03-21 13:32:33 +0800] [18954] [INFO] Worker exiting (pid: 18954)
[2024-03-21 13:32:33 +0800] [19032] [INFO] Worker exiting (pid: 19032)
[2024-03-21 13:32:33 +0800] [19227] [INFO] Worker exiting (pid: 19227)
[2024-03-21 13:32:33 +0800] [19148] [INFO] Worker exiting (pid: 19148)
[2024-03-21 13:32:33 +0800] [19081] [INFO] Worker exiting (pid: 19081)
[2024-03-21 13:32:33 +0800] [18809] [INFO] Worker exiting (pid: 18809)
[2024-03-21 13:32:33 +0800] [19196] [INFO] Worker exiting (pid: 19196)
[2024-03-21 13:32:33 +0800] [19149] [INFO] Worker exiting (pid: 19149)
[2024-03-21 13:32:33 +0800] [19228] [INFO] Worker exiting (pid: 19228)
[2024-03-21 13:32:33 +0800] [19353] [INFO] Worker exiting (pid: 19353)
[2024-03-21 13:32:33 +0800] [19290] [INFO] Worker exiting (pid: 19290)
[2024-03-21 13:32:33 +0800] [19306] [INFO] Worker exiting (pid: 19306)
[2024-03-21 13:32:33 +0800] [19150] [INFO] Worker exiting (pid: 19150)
[2024-03-21 13:32:33 +0800] [18923] [INFO] Worker exiting (pid: 18923)
[2024-03-21 13:32:33 +0800] [18922] [INFO] Worker exiting (pid: 18922)
[2024-03-21 13:32:33 +0800] [19000] [INFO] Worker exiting (pid: 19000)
[2024-03-21 13:32:33 +0800] [18841] [INFO] Worker exiting (pid: 18841)
[2024-03-21 13:32:33 +0800] [18872] [INFO] Worker exiting (pid: 18872)
[2024-03-21 13:32:33 +0800] [18825] [INFO] Worker exiting (pid: 18825)
[2024-03-21 13:32:33 +0800] [18758] [INFO] Worker exiting (pid: 18758)
[2024-03-21 13:32:33 +0800] [18808] [INFO] Worker exiting (pid: 18808)
[2024-03-21 13:32:33 +0800] [18873] [INFO] Worker exiting (pid: 18873)
[2024-03-21 13:32:33 +0800] [18889] [INFO] Worker exiting (pid: 18889)
[2024-03-21 13:32:33 +0800] [19244] [INFO] Worker exiting (pid: 19244)
[2024-03-21 13:32:33 +0800] [19084] [INFO] Worker exiting (pid: 19084)
[2024-03-21 13:32:33 +0800] [19031] [INFO] Worker exiting (pid: 19031)
[2024-03-21 13:32:33 +0800] [18774] [INFO] Worker exiting (pid: 18774)
[2024-03-21 13:32:33 +0800] [19082] [INFO] Worker exiting (pid: 19082)
[2024-03-21 13:32:33 +0800] [18921] [INFO] Worker exiting (pid: 18921)
[2024-03-21 13:32:33 +0800] [18775] [INFO] Worker exiting (pid: 18775)
[2024-03-21 13:32:35 +0800] [18741] [INFO] Shutting down: Master
[2024-03-21 13:32:38 +0800] [19856] [INFO] Starting gunicorn 20.1.0
[2024-03-21 13:32:38 +0800] [19856] [INFO] Listening at: http://127.0.0.1:8101 (19856)
[2024-03-21 13:32:38 +0800] [19856] [INFO] Using worker: gevent
[2024-03-21 13:32:38 +0800] [19870] [INFO] Booting worker with pid: 19870
[2024-03-21 13:32:38 +0800] [19871] [INFO] Booting worker with pid: 19871
[2024-03-21 13:32:38 +0800] [19902] [INFO] Booting worker with pid: 19902
[2024-03-21 13:32:38 +0800] [19920] [INFO] Booting worker with pid: 19920
[2024-03-21 13:32:38 +0800] [19921] [INFO] Booting worker with pid: 19921
[2024-03-21 13:32:38 +0800] [19937] [INFO] Booting worker with pid: 19937
[2024-03-21 13:32:38 +0800] [19938] [INFO] Booting worker with pid: 19938
[2024-03-21 13:32:38 +0800] [19939] [INFO] Booting worker with pid: 19939
[2024-03-21 13:32:38 +0800] [19940] [INFO] Booting worker with pid: 19940
[2024-03-21 13:32:38 +0800] [19956] [INFO] Booting worker with pid: 19956
[2024-03-21 13:32:38 +0800] [20002] [INFO] Booting worker with pid: 20002
[2024-03-21 13:32:38 +0800] [20018] [INFO] Booting worker with pid: 20018
[2024-03-21 13:32:38 +0800] [20034] [INFO] Booting worker with pid: 20034
[2024-03-21 13:32:38 +0800] [20065] [INFO] Booting worker with pid: 20065
[2024-03-21 13:32:38 +0800] [20081] [INFO] Booting worker with pid: 20081
[2024-03-21 13:32:38 +0800] [20082] [INFO] Booting worker with pid: 20082
[2024-03-21 13:32:38 +0800] [20113] [INFO] Booting worker with pid: 20113
[2024-03-21 13:32:38 +0800] [20144] [INFO] Booting worker with pid: 20144
[2024-03-21 13:32:38 +0800] [20160] [INFO] Booting worker with pid: 20160
[2024-03-21 13:32:38 +0800] [20206] [INFO] Booting worker with pid: 20206
[2024-03-21 13:32:39 +0800] [20222] [INFO] Booting worker with pid: 20222
[2024-03-21 13:32:39 +0800] [20223] [INFO] Booting worker with pid: 20223
[2024-03-21 13:32:39 +0800] [20239] [INFO] Booting worker with pid: 20239
[2024-03-21 13:32:39 +0800] [20302] [INFO] Booting worker with pid: 20302
[2024-03-21 13:32:39 +0800] [20303] [INFO] Booting worker with pid: 20303
[2024-03-21 13:32:39 +0800] [20321] [INFO] Booting worker with pid: 20321
[2024-03-21 13:32:39 +0800] [20305] [INFO] Booting worker with pid: 20305
[2024-03-21 13:32:39 +0800] [20340] [INFO] Booting worker with pid: 20340
[2024-03-21 13:32:39 +0800] [20356] [INFO] Booting worker with pid: 20356
[2024-03-21 13:32:39 +0800] [20372] [INFO] Booting worker with pid: 20372
[2024-03-21 13:32:39 +0800] [20373] [INFO] Booting worker with pid: 20373
[2024-03-21 13:32:39 +0800] [20404] [INFO] Booting worker with pid: 20404
[2024-03-21 13:32:39 +0800] [20450] [INFO] Booting worker with pid: 20450
[2024-03-21 13:33:08 +0800] [19856] [INFO] Handling signal: term
[2024-03-21 13:33:08 +0800] [20340] [INFO] Worker exiting (pid: 20340)
[2024-03-21 13:33:08 +0800] [20160] [INFO] Worker exiting (pid: 20160)
[2024-03-21 13:33:08 +0800] [20144] [INFO] Worker exiting (pid: 20144)
[2024-03-21 13:33:08 +0800] [20065] [INFO] Worker exiting (pid: 20065)
[2024-03-21 13:33:08 +0800] [20002] [INFO] Worker exiting (pid: 20002)
[2024-03-21 13:33:08 +0800] [20082] [INFO] Worker exiting (pid: 20082)
[2024-03-21 13:33:08 +0800] [20404] [INFO] Worker exiting (pid: 20404)
[2024-03-21 13:33:08 +0800] [20302] [INFO] Worker exiting (pid: 20302)
[2024-03-21 13:33:08 +0800] [20373] [INFO] Worker exiting (pid: 20373)
[2024-03-21 13:33:08 +0800] [20113] [INFO] Worker exiting (pid: 20113)
[2024-03-21 13:33:08 +0800] [20081] [INFO] Worker exiting (pid: 20081)
[2024-03-21 13:33:08 +0800] [20223] [INFO] Worker exiting (pid: 20223)
[2024-03-21 13:33:08 +0800] [20305] [INFO] Worker exiting (pid: 20305)
[2024-03-21 13:33:08 +0800] [20206] [INFO] Worker exiting (pid: 20206)
[2024-03-21 13:33:09 +0800] [20239] [INFO] Worker exiting (pid: 20239)
[2024-03-21 13:33:09 +0800] [20321] [INFO] Worker exiting (pid: 20321)
[2024-03-21 13:33:09 +0800] [20450] [INFO] Worker exiting (pid: 20450)
[2024-03-21 13:33:09 +0800] [19920] [INFO] Worker exiting (pid: 19920)
[2024-03-21 13:33:09 +0800] [20356] [INFO] Worker exiting (pid: 20356)
[2024-03-21 13:33:09 +0800] [19902] [INFO] Worker exiting (pid: 19902)
[2024-03-21 13:33:09 +0800] [20372] [INFO] Worker exiting (pid: 20372)
[2024-03-21 13:33:09 +0800] [19870] [INFO] Worker exiting (pid: 19870)
[2024-03-21 13:33:09 +0800] [20018] [INFO] Worker exiting (pid: 20018)
[2024-03-21 13:33:09 +0800] [20034] [INFO] Worker exiting (pid: 20034)
[2024-03-21 13:33:09 +0800] [19940] [INFO] Worker exiting (pid: 19940)
[2024-03-21 13:33:09 +0800] [19938] [INFO] Worker exiting (pid: 19938)
[2024-03-21 13:33:09 +0800] [19937] [INFO] Worker exiting (pid: 19937)
[2024-03-21 13:33:09 +0800] [20222] [INFO] Worker exiting (pid: 20222)
[2024-03-21 13:33:09 +0800] [19956] [INFO] Worker exiting (pid: 19956)
[2024-03-21 13:33:09 +0800] [19939] [INFO] Worker exiting (pid: 19939)
[2024-03-21 13:33:09 +0800] [20303] [INFO] Worker exiting (pid: 20303)
[2024-03-21 13:33:09 +0800] [19921] [INFO] Worker exiting (pid: 19921)
[2024-03-21 13:33:09 +0800] [19871] [INFO] Worker exiting (pid: 19871)
[2024-03-21 13:33:10 +0800] [19856] [INFO] Shutting down: Master
[2024-03-21 13:39:02 +0800] [21265] [INFO] Starting gunicorn 20.1.0
[2024-03-21 13:39:02 +0800] [21265] [INFO] Listening at: http://127.0.0.1:8101 (21265)
[2024-03-21 13:39:02 +0800] [21265] [INFO] Using worker: gevent
[2024-03-21 13:39:02 +0800] [21287] [INFO] Booting worker with pid: 21287
[2024-03-21 13:39:02 +0800] [21288] [INFO] Booting worker with pid: 21288
[2024-03-21 13:39:02 +0800] [21289] [INFO] Booting worker with pid: 21289
[2024-03-21 13:39:02 +0800] [21320] [INFO] Booting worker with pid: 21320
[2024-03-21 13:39:02 +0800] [21336] [INFO] Booting worker with pid: 21336
[2024-03-21 13:39:02 +0800] [21367] [INFO] Booting worker with pid: 21367
[2024-03-21 13:39:02 +0800] [21368] [INFO] Booting worker with pid: 21368
[2024-03-21 13:39:03 +0800] [21384] [INFO] Booting worker with pid: 21384
[2024-03-21 13:39:03 +0800] [21400] [INFO] Booting worker with pid: 21400
[2024-03-21 13:39:03 +0800] [21401] [INFO] Booting worker with pid: 21401
[2024-03-21 13:39:03 +0800] [21402] [INFO] Booting worker with pid: 21402
[2024-03-21 13:39:03 +0800] [21403] [INFO] Booting worker with pid: 21403
[2024-03-21 13:39:03 +0800] [21435] [INFO] Booting worker with pid: 21435
[2024-03-21 13:39:03 +0800] [21434] [INFO] Booting worker with pid: 21434
[2024-03-21 13:39:03 +0800] [21474] [INFO] Booting worker with pid: 21474
[2024-03-21 13:39:03 +0800] [21512] [INFO] Booting worker with pid: 21512
[2024-03-21 13:39:03 +0800] [21558] [INFO] Booting worker with pid: 21558
[2024-03-21 13:39:03 +0800] [21574] [INFO] Booting worker with pid: 21574
[2024-03-21 13:39:03 +0800] [21605] [INFO] Booting worker with pid: 21605
[2024-03-21 13:39:03 +0800] [21637] [INFO] Booting worker with pid: 21637
[2024-03-21 13:39:03 +0800] [21639] [INFO] Booting worker with pid: 21639
[2024-03-21 13:39:03 +0800] [21641] [INFO] Booting worker with pid: 21641
[2024-03-21 13:39:03 +0800] [21672] [INFO] Booting worker with pid: 21672
[2024-03-21 13:39:03 +0800] [21688] [INFO] Booting worker with pid: 21688
[2024-03-21 13:39:03 +0800] [21749] [INFO] Booting worker with pid: 21749
[2024-03-21 13:39:04 +0800] [21750] [INFO] Booting worker with pid: 21750
[2024-03-21 13:39:04 +0800] [21766] [INFO] Booting worker with pid: 21766
[2024-03-21 13:39:04 +0800] [21814] [INFO] Booting worker with pid: 21814
[2024-03-21 13:39:04 +0800] [21830] [INFO] Booting worker with pid: 21830
[2024-03-21 13:39:04 +0800] [21831] [INFO] Booting worker with pid: 21831
[2024-03-21 13:39:04 +0800] [21833] [INFO] Booting worker with pid: 21833
[2024-03-21 13:39:04 +0800] [21864] [INFO] Booting worker with pid: 21864
[2024-03-21 13:39:04 +0800] [21866] [INFO] Booting worker with pid: 21866
[2024-03-21 14:01:33 +0800] [21265] [INFO] Handling signal: term
[2024-03-21 14:01:33 +0800] [21766] [INFO] Worker exiting (pid: 21766)
[2024-03-21 14:01:33 +0800] [21864] [INFO] Worker exiting (pid: 21864)
[2024-03-21 14:01:33 +0800] [21367] [INFO] Worker exiting (pid: 21367)
[2024-03-21 14:01:33 +0800] [21401] [INFO] Worker exiting (pid: 21401)
[2024-03-21 14:01:33 +0800] [21402] [INFO] Worker exiting (pid: 21402)
[2024-03-21 14:01:33 +0800] [21400] [INFO] Worker exiting (pid: 21400)
[2024-03-21 14:01:33 +0800] [21288] [INFO] Worker exiting (pid: 21288)
[2024-03-21 14:01:33 +0800] [21574] [INFO] Worker exiting (pid: 21574)
[2024-03-21 14:01:33 +0800] [21320] [INFO] Worker exiting (pid: 21320)
[2024-03-21 14:01:33 +0800] [21384] [INFO] Worker exiting (pid: 21384)
[2024-03-21 14:01:33 +0800] [21434] [INFO] Worker exiting (pid: 21434)
[2024-03-21 14:01:33 +0800] [21403] [INFO] Worker exiting (pid: 21403)
[2024-03-21 14:01:33 +0800] [21512] [INFO] Worker exiting (pid: 21512)
[2024-03-21 14:01:33 +0800] [21688] [INFO] Worker exiting (pid: 21688)
[2024-03-21 14:01:33 +0800] [21336] [INFO] Worker exiting (pid: 21336)
[2024-03-21 14:01:33 +0800] [21474] [INFO] Worker exiting (pid: 21474)
[2024-03-21 14:01:33 +0800] [21641] [INFO] Worker exiting (pid: 21641)
[2024-03-21 14:01:33 +0800] [21435] [INFO] Worker exiting (pid: 21435)
[2024-03-21 14:01:34 +0800] [21672] [INFO] Worker exiting (pid: 21672)
[2024-03-21 14:01:34 +0800] [21639] [INFO] Worker exiting (pid: 21639)
[2024-03-21 14:01:34 +0800] [21558] [INFO] Worker exiting (pid: 21558)
[2024-03-21 14:01:34 +0800] [21289] [INFO] Worker exiting (pid: 21289)
[2024-03-21 14:01:34 +0800] [21637] [INFO] Worker exiting (pid: 21637)
[2024-03-21 14:01:34 +0800] [21749] [INFO] Worker exiting (pid: 21749)
[2024-03-21 14:01:34 +0800] [21833] [INFO] Worker exiting (pid: 21833)
[2024-03-21 14:01:34 +0800] [21750] [INFO] Worker exiting (pid: 21750)
[2024-03-21 14:01:34 +0800] [21814] [INFO] Worker exiting (pid: 21814)
[2024-03-21 14:01:34 +0800] [21605] [INFO] Worker exiting (pid: 21605)
[2024-03-21 14:01:34 +0800] [21368] [INFO] Worker exiting (pid: 21368)
[2024-03-21 14:01:34 +0800] [21287] [INFO] Worker exiting (pid: 21287)
[2024-03-21 14:01:34 +0800] [21866] [INFO] Worker exiting (pid: 21866)
[2024-03-21 14:01:34 +0800] [21831] [INFO] Worker exiting (pid: 21831)
[2024-03-21 14:01:34 +0800] [21830] [INFO] Worker exiting (pid: 21830)
[2024-03-21 14:01:59 +0800] [24312] [INFO] Starting gunicorn 20.1.0
[2024-03-21 14:01:59 +0800] [24312] [INFO] Listening at: http://127.0.0.1:8101 (24312)
[2024-03-21 14:01:59 +0800] [24312] [INFO] Using worker: gevent
[2024-03-21 14:01:59 +0800] [24326] [INFO] Booting worker with pid: 24326
[2024-03-21 14:01:59 +0800] [24342] [INFO] Booting worker with pid: 24342
[2024-03-21 14:01:59 +0800] [24343] [INFO] Booting worker with pid: 24343
[2024-03-21 14:01:59 +0800] [24374] [INFO] Booting worker with pid: 24374
[2024-03-21 14:01:59 +0800] [24375] [INFO] Booting worker with pid: 24375
[2024-03-21 14:01:59 +0800] [24391] [INFO] Booting worker with pid: 24391
[2024-03-21 14:01:59 +0800] [24407] [INFO] Booting worker with pid: 24407
[2024-03-21 14:01:59 +0800] [24408] [INFO] Booting worker with pid: 24408
[2024-03-21 14:01:59 +0800] [24409] [INFO] Booting worker with pid: 24409
[2024-03-21 14:01:59 +0800] [24455] [INFO] Booting worker with pid: 24455
[2024-03-21 14:01:59 +0800] [24456] [INFO] Booting worker with pid: 24456
[2024-03-21 14:01:59 +0800] [24472] [INFO] Booting worker with pid: 24472
[2024-03-21 14:01:59 +0800] [24533] [INFO] Booting worker with pid: 24533
[2024-03-21 14:01:59 +0800] [24534] [INFO] Booting worker with pid: 24534
[2024-03-21 14:01:59 +0800] [24535] [INFO] Booting worker with pid: 24535
[2024-03-21 14:01:59 +0800] [24551] [INFO] Booting worker with pid: 24551
[2024-03-21 14:01:59 +0800] [24582] [INFO] Booting worker with pid: 24582
[2024-03-21 14:02:00 +0800] [24628] [INFO] Booting worker with pid: 24628
[2024-03-21 14:02:00 +0800] [24629] [INFO] Booting worker with pid: 24629
[2024-03-21 14:02:00 +0800] [24648] [INFO] Booting worker with pid: 24648
[2024-03-21 14:02:00 +0800] [24694] [INFO] Booting worker with pid: 24694
[2024-03-21 14:02:00 +0800] [24695] [INFO] Booting worker with pid: 24695
[2024-03-21 14:02:00 +0800] [24726] [INFO] Booting worker with pid: 24726
[2024-03-21 14:02:00 +0800] [24757] [INFO] Booting worker with pid: 24757
[2024-03-21 14:02:00 +0800] [24773] [INFO] Booting worker with pid: 24773
[2024-03-21 14:02:00 +0800] [24774] [INFO] Booting worker with pid: 24774
[2024-03-21 14:02:00 +0800] [24820] [INFO] Booting worker with pid: 24820
[2024-03-21 14:02:00 +0800] [24836] [INFO] Booting worker with pid: 24836
[2024-03-21 14:02:00 +0800] [24852] [INFO] Booting worker with pid: 24852
[2024-03-21 14:02:00 +0800] [24853] [INFO] Booting worker with pid: 24853
[2024-03-21 14:02:00 +0800] [24899] [INFO] Booting worker with pid: 24899
[2024-03-21 14:02:00 +0800] [24900] [INFO] Booting worker with pid: 24900
[2024-03-21 14:02:00 +0800] [24916] [INFO] Booting worker with pid: 24916
[2024-03-21 14:02:56 +0800] [24312] [INFO] Handling signal: term
[2024-03-21 14:02:56 +0800] [24472] [INFO] Worker exiting (pid: 24472)
[2024-03-21 14:02:56 +0800] [24695] [INFO] Worker exiting (pid: 24695)
[2024-03-21 14:02:56 +0800] [24757] [INFO] Worker exiting (pid: 24757)
[2024-03-21 14:02:56 +0800] [24455] [INFO] Worker exiting (pid: 24455)
[2024-03-21 14:02:56 +0800] [24694] [INFO] Worker exiting (pid: 24694)
[2024-03-21 14:02:57 +0800] [24773] [INFO] Worker exiting (pid: 24773)
[2024-03-21 14:02:57 +0800] [24582] [INFO] Worker exiting (pid: 24582)
[2024-03-21 14:02:57 +0800] [24535] [INFO] Worker exiting (pid: 24535)
[2024-03-21 14:02:57 +0800] [24836] [INFO] Worker exiting (pid: 24836)
[2024-03-21 14:02:57 +0800] [24374] [INFO] Worker exiting (pid: 24374)
[2024-03-21 14:02:57 +0800] [24648] [INFO] Worker exiting (pid: 24648)
[2024-03-21 14:02:57 +0800] [24820] [INFO] Worker exiting (pid: 24820)
[2024-03-21 14:02:57 +0800] [24899] [INFO] Worker exiting (pid: 24899)
[2024-03-21 14:02:57 +0800] [24852] [INFO] Worker exiting (pid: 24852)
[2024-03-21 14:02:57 +0800] [24343] [INFO] Worker exiting (pid: 24343)
[2024-03-21 14:02:57 +0800] [24774] [INFO] Worker exiting (pid: 24774)
[2024-03-21 14:02:57 +0800] [24900] [INFO] Worker exiting (pid: 24900)
[2024-03-21 14:02:57 +0800] [24853] [INFO] Worker exiting (pid: 24853)
[2024-03-21 14:02:57 +0800] [24916] [INFO] Worker exiting (pid: 24916)
[2024-03-21 14:02:57 +0800] [24456] [INFO] Worker exiting (pid: 24456)
[2024-03-21 14:02:57 +0800] [24326] [INFO] Worker exiting (pid: 24326)
[2024-03-21 14:02:57 +0800] [24408] [INFO] Worker exiting (pid: 24408)
[2024-03-21 14:02:57 +0800] [24391] [INFO] Worker exiting (pid: 24391)
[2024-03-21 14:02:57 +0800] [24407] [INFO] Worker exiting (pid: 24407)
[2024-03-21 14:02:57 +0800] [24409] [INFO] Worker exiting (pid: 24409)
[2024-03-21 14:02:57 +0800] [24629] [INFO] Worker exiting (pid: 24629)
[2024-03-21 14:02:57 +0800] [24375] [INFO] Worker exiting (pid: 24375)
[2024-03-21 14:02:57 +0800] [24534] [INFO] Worker exiting (pid: 24534)
[2024-03-21 14:02:57 +0800] [24628] [INFO] Worker exiting (pid: 24628)
[2024-03-21 14:02:57 +0800] [24551] [INFO] Worker exiting (pid: 24551)
[2024-03-21 14:02:57 +0800] [24342] [INFO] Worker exiting (pid: 24342)
[2024-03-21 14:02:57 +0800] [24533] [INFO] Worker exiting (pid: 24533)
[2024-03-21 14:02:57 +0800] [24726] [INFO] Worker exiting (pid: 24726)
[2024-03-21 14:02:58 +0800] [24312] [INFO] Shutting down: Master
[2024-03-21 14:03:01 +0800] [25544] [INFO] Starting gunicorn 20.1.0
[2024-03-21 14:03:02 +0800] [25544] [INFO] Listening at: http://127.0.0.1:8101 (25544)
[2024-03-21 14:03:02 +0800] [25544] [INFO] Using worker: gevent
[2024-03-21 14:03:02 +0800] [25552] [INFO] Booting worker with pid: 25552
[2024-03-21 14:03:02 +0800] [25568] [INFO] Booting worker with pid: 25568
[2024-03-21 14:03:02 +0800] [25569] [INFO] Booting worker with pid: 25569
[2024-03-21 14:03:02 +0800] [25585] [INFO] Booting worker with pid: 25585
[2024-03-21 14:03:02 +0800] [25601] [INFO] Booting worker with pid: 25601
[2024-03-21 14:03:02 +0800] [25602] [INFO] Booting worker with pid: 25602
[2024-03-21 14:03:02 +0800] [25603] [INFO] Booting worker with pid: 25603
[2024-03-21 14:03:02 +0800] [25649] [INFO] Booting worker with pid: 25649
[2024-03-21 14:03:02 +0800] [25665] [INFO] Booting worker with pid: 25665
[2024-03-21 14:03:02 +0800] [25666] [INFO] Booting worker with pid: 25666
[2024-03-21 14:03:02 +0800] [25713] [INFO] Booting worker with pid: 25713
[2024-03-21 14:03:02 +0800] [25714] [INFO] Booting worker with pid: 25714
[2024-03-21 14:03:02 +0800] [25715] [INFO] Booting worker with pid: 25715
[2024-03-21 14:03:02 +0800] [25731] [INFO] Booting worker with pid: 25731
[2024-03-21 14:03:02 +0800] [25762] [INFO] Booting worker with pid: 25762
[2024-03-21 14:03:02 +0800] [25763] [INFO] Booting worker with pid: 25763
[2024-03-21 14:03:02 +0800] [25779] [INFO] Booting worker with pid: 25779
[2024-03-21 14:03:02 +0800] [25810] [INFO] Booting worker with pid: 25810
[2024-03-21 14:03:02 +0800] [25856] [INFO] Booting worker with pid: 25856
[2024-03-21 14:03:03 +0800] [25872] [INFO] Booting worker with pid: 25872
[2024-03-21 14:03:03 +0800] [25918] [INFO] Booting worker with pid: 25918
[2024-03-21 14:03:03 +0800] [25934] [INFO] Booting worker with pid: 25934
[2024-03-21 14:03:03 +0800] [25935] [INFO] Booting worker with pid: 25935
[2024-03-21 14:03:03 +0800] [25936] [INFO] Booting worker with pid: 25936
[2024-03-21 14:03:03 +0800] [25952] [INFO] Booting worker with pid: 25952
[2024-03-21 14:03:03 +0800] [25983] [INFO] Booting worker with pid: 25983
[2024-03-21 14:03:03 +0800] [25984] [INFO] Booting worker with pid: 25984
[2024-03-21 14:03:03 +0800] [26061] [INFO] Booting worker with pid: 26061
[2024-03-21 14:03:03 +0800] [26062] [INFO] Booting worker with pid: 26062
[2024-03-21 14:03:03 +0800] [26079] [INFO] Booting worker with pid: 26079
[2024-03-21 14:03:03 +0800] [26080] [INFO] Booting worker with pid: 26080
[2024-03-21 14:03:03 +0800] [26096] [INFO] Booting worker with pid: 26096
[2024-03-21 14:03:03 +0800] [26127] [INFO] Booting worker with pid: 26127
[2024-03-21 14:06:27 +0800] [25544] [INFO] Handling signal: term
[2024-03-21 14:06:27 +0800] [25603] [INFO] Worker exiting (pid: 25603)
[2024-03-21 14:06:27 +0800] [25810] [INFO] Worker exiting (pid: 25810)
[2024-03-21 14:06:27 +0800] [25665] [INFO] Worker exiting (pid: 25665)
[2024-03-21 14:06:27 +0800] [25856] [INFO] Worker exiting (pid: 25856)
[2024-03-21 14:06:27 +0800] [25601] [INFO] Worker exiting (pid: 25601)
[2024-03-21 14:06:27 +0800] [25952] [INFO] Worker exiting (pid: 25952)
[2024-03-21 14:06:27 +0800] [25649] [INFO] Worker exiting (pid: 25649)
[2024-03-21 14:06:27 +0800] [25714] [INFO] Worker exiting (pid: 25714)
[2024-03-21 14:06:27 +0800] [25666] [INFO] Worker exiting (pid: 25666)
[2024-03-21 14:06:27 +0800] [25983] [INFO] Worker exiting (pid: 25983)
[2024-03-21 14:06:27 +0800] [25585] [INFO] Worker exiting (pid: 25585)
[2024-03-21 14:06:27 +0800] [25552] [INFO] Worker exiting (pid: 25552)
[2024-03-21 14:06:27 +0800] [25918] [INFO] Worker exiting (pid: 25918)
[2024-03-21 14:06:27 +0800] [25934] [INFO] Worker exiting (pid: 25934)
[2024-03-21 14:06:28 +0800] [25935] [INFO] Worker exiting (pid: 25935)
[2024-03-21 14:06:28 +0800] [25872] [INFO] Worker exiting (pid: 25872)
[2024-03-21 14:06:28 +0800] [25762] [INFO] Worker exiting (pid: 25762)
[2024-03-21 14:06:28 +0800] [25779] [INFO] Worker exiting (pid: 25779)
[2024-03-21 14:06:28 +0800] [25602] [INFO] Worker exiting (pid: 25602)
[2024-03-21 14:06:28 +0800] [25763] [INFO] Worker exiting (pid: 25763)
[2024-03-21 14:06:28 +0800] [25715] [INFO] Worker exiting (pid: 25715)
[2024-03-21 14:06:28 +0800] [25731] [INFO] Worker exiting (pid: 25731)
[2024-03-21 14:06:28 +0800] [26061] [INFO] Worker exiting (pid: 26061)
[2024-03-21 14:06:28 +0800] [26127] [INFO] Worker exiting (pid: 26127)
[2024-03-21 14:06:28 +0800] [25569] [INFO] Worker exiting (pid: 25569)
[2024-03-21 14:06:28 +0800] [26096] [INFO] Worker exiting (pid: 26096)
[2024-03-21 14:06:28 +0800] [25936] [INFO] Worker exiting (pid: 25936)
[2024-03-21 14:06:28 +0800] [25984] [INFO] Worker exiting (pid: 25984)
[2024-03-21 14:06:28 +0800] [26080] [INFO] Worker exiting (pid: 26080)
[2024-03-21 14:06:28 +0800] [26062] [INFO] Worker exiting (pid: 26062)
[2024-03-21 14:06:28 +0800] [25568] [INFO] Worker exiting (pid: 25568)
[2024-03-21 14:06:28 +0800] [25713] [INFO] Worker exiting (pid: 25713)
[2024-03-21 14:06:28 +0800] [26079] [INFO] Worker exiting (pid: 26079)
[2024-03-21 14:07:20 +0800] [2399] [INFO] Starting gunicorn 20.1.0
[2024-03-21 14:07:20 +0800] [2399] [INFO] Listening at: http://127.0.0.1:8101 (2399)
[2024-03-21 14:07:20 +0800] [2399] [INFO] Using worker: gevent
[2024-03-21 14:07:20 +0800] [2433] [INFO] Booting worker with pid: 2433
[2024-03-21 14:07:20 +0800] [2434] [INFO] Booting worker with pid: 2434
[2024-03-21 14:07:20 +0800] [2481] [INFO] Booting worker with pid: 2481
[2024-03-21 14:07:20 +0800] [2482] [INFO] Booting worker with pid: 2482
[2024-03-21 14:07:20 +0800] [2483] [INFO] Booting worker with pid: 2483
[2024-03-21 14:07:20 +0800] [2514] [INFO] Booting worker with pid: 2514
[2024-03-21 14:07:20 +0800] [2515] [INFO] Booting worker with pid: 2515
[2024-03-21 14:07:20 +0800] [2516] [INFO] Booting worker with pid: 2516
[2024-03-21 14:07:20 +0800] [2532] [INFO] Booting worker with pid: 2532
[2024-03-21 14:07:20 +0800] [2578] [INFO] Booting worker with pid: 2578
[2024-03-21 14:07:20 +0800] [2579] [INFO] Booting worker with pid: 2579
[2024-03-21 14:07:20 +0800] [2580] [INFO] Booting worker with pid: 2580
[2024-03-21 14:07:20 +0800] [2596] [INFO] Booting worker with pid: 2596
[2024-03-21 14:07:21 +0800] [2612] [INFO] Booting worker with pid: 2612
[2024-03-21 14:07:21 +0800] [2628] [INFO] Booting worker with pid: 2628
[2024-03-21 14:07:21 +0800] [2630] [INFO] Booting worker with pid: 2630
[2024-03-21 14:07:21 +0800] [2662] [INFO] Booting worker with pid: 2662
[2024-03-21 14:07:21 +0800] [2678] [INFO] Booting worker with pid: 2678
[2024-03-21 14:07:21 +0800] [2704] [INFO] Booting worker with pid: 2704
[2024-03-21 14:07:21 +0800] [2711] [INFO] Booting worker with pid: 2711
[2024-03-21 14:07:21 +0800] [2728] [INFO] Booting worker with pid: 2728
[2024-03-21 14:07:21 +0800] [2729] [INFO] Booting worker with pid: 2729
[2024-03-21 14:07:21 +0800] [2760] [INFO] Booting worker with pid: 2760
[2024-03-21 14:07:21 +0800] [2821] [INFO] Booting worker with pid: 2821
[2024-03-21 14:07:21 +0800] [2837] [INFO] Booting worker with pid: 2837
[2024-03-21 14:07:21 +0800] [2838] [INFO] Booting worker with pid: 2838
[2024-03-21 14:07:21 +0800] [2854] [INFO] Booting worker with pid: 2854
[2024-03-21 14:07:21 +0800] [2870] [INFO] Booting worker with pid: 2870
[2024-03-21 14:07:21 +0800] [2906] [INFO] Booting worker with pid: 2906
[2024-03-21 14:07:21 +0800] [2907] [INFO] Booting worker with pid: 2907
[2024-03-21 14:07:21 +0800] [2908] [INFO] Booting worker with pid: 2908
[2024-03-21 14:07:21 +0800] [2924] [INFO] Booting worker with pid: 2924
[2024-03-21 14:07:22 +0800] [2955] [INFO] Booting worker with pid: 2955
